<?xml version="1.0" encoding="utf-8"?>
<TestRun id="ade48831-2d37-40e9-9224-92534ddbf417" name="@MacBook-Pro-de-ADJAKPA 2026-09-06 14:19:28" xmlns="http://microsoft.com/schemas/VisualStudio/TeamTest/2010">
  <Times creation="2026-09-06T14:19:28.4507270+02:00" queuing="2026-09-06T14:19:28.4507270+02:00" start="2026-09-06T14:19:22.5241230+02:00" finish="2026-09-06T14:20:07.6692490+02:00" />
  <TestSettings name="default" id="bbb0126a-725b-4aa1-b384-55fcf99803d1">
    <Deployment runDeploymentRoot="_MacBook-Pro-de-ADJAKPA_2026-09-06_14_19_28" />
  </TestSettings>
  <Results>
    <UnitTestResult executionId="2e9bfffb-973f-4eca-afc2-52c31019ff42" testId="f5fe1066-cc83-047d-67a7-a0b1066969ee" testName="HBA.Merchants.IntegrationTests.VerrouVendeurTests.Deux_vendeurs_differents_ne_s_attendent_pas" computerName="MacBook-Pro-de-ADJAKPA" duration="00:00:00.0238601" startTime="2026-09-06T14:20:06.6630470+02:00" endTime="2026-09-06T14:20:06.6630470+02:00" testType="13cdc9d9-ddb5-4fa4-a97d-d965ccfc6d4b" outcome="Passed" testListId="8c84fa94-04c1-424b-9868-57a2d4851a1d" relativeResultsDirectory="2e9bfffb-973f-4eca-afc2-52c31019ff42" />
    <UnitTestResult executionId="a519f924-ee46-44e0-830a-0f23f6356b6c" testId="a028496f-9d07-00b7-4291-c616bf5383f7" testName="HBA.Merchants.IntegrationTests.PurgeRgpdTests.Le_meme_evenement_rejoue_ne_reemet_aucun_ordre_d_effacement" computerName="MacBook-Pro-de-ADJAKPA" duration="00:00:27.2198646" startTime="2026-09-06T14:20:03.7801300+02:00" endTime="2026-09-06T14:20:03.7801300+02:00" testType="13cdc9d9-ddb5-4fa4-a97d-d965ccfc6d4b" outcome="Passed" testListId="8c84fa94-04c1-424b-9868-57a2d4851a1d" relativeResultsDirectory="a519f924-ee46-44e0-830a-0f23f6356b6c" />
    <UnitTestResult executionId="d2581330-638e-4d45-87b3-3a40cb40c698" testId="8170816b-3117-0307-8af5-745020de4d35" testName="HBA.Merchants.IntegrationTests.CompteursVitrineTests.Une_note_qui_baisse_remplace_l_ancienne" computerName="MacBook-Pro-de-ADJAKPA" duration="00:00:00.2382279" startTime="2026-09-06T14:19:30.7794800+02:00" endTime="2026-09-06T14:19:30.7794800+02:00" testType="13cdc9d9-ddb5-4fa4-a97d-d965ccfc6d4b" outcome="Passed" testListId="8c84fa94-04c1-424b-9868-57a2d4851a1d" relativeResultsDirectory="d2581330-638e-4d45-87b3-3a40cb40c698" />
    <UnitTestResult executionId="846e4fca-4525-49c1-a39e-31ef1e0264a2" testId="108591a4-db57-af6f-30db-79a68abb35af" testName="HBA.Merchants.IntegrationTests.VerrouVendeurTests.Deux_operations_sur_le_meme_vendeur_sont_serialisees" computerName="MacBook-Pro-de-ADJAKPA" duration="00:00:00.5071812" startTime="2026-09-06T14:20:07.1706240+02:00" endTime="2026-09-06T14:20:07.1706240+02:00" testType="13cdc9d9-ddb5-4fa4-a97d-d965ccfc6d4b" outcome="Passed" testListId="8c84fa94-04c1-424b-9868-57a2d4851a1d" relativeResultsDirectory="846e4fca-4525-49c1-a39e-31ef1e0264a2" />
    <UnitTestResult executionId="5ae57014-9a3f-462c-870a-3c26cc73e34e" testId="ea2e8304-98c9-8c98-a936-0a4394985c1c" testName="HBA.Merchants.IntegrationTests.PieceKybTests.Un_fichier_encore_en_traitement_est_refuse_sans_ambiguite" computerName="MacBook-Pro-de-ADJAKPA" duration="00:00:00.0064881" startTime="2026-09-06T14:19:36.5216110+02:00" endTime="2026-09-06T14:19:36.5216110+02:00" testType="13cdc9d9-ddb5-4fa4-a97d-d965ccfc6d4b" outcome="Passed" testListId="8c84fa94-04c1-424b-9868-57a2d4851a1d" relativeResultsDirectory="5ae57014-9a3f-462c-870a-3c26cc73e34e" />
    <UnitTestResult executionId="51e08985-1b5c-4332-95e7-a12387665f92" testId="dcb38a20-8aff-ed7c-efc5-8d24dae5eee5" testName="HBA.Merchants.IntegrationTests.CompteDeReversementTests.Un_compte_corrige_est_lu_immediatement_sans_passer_par_le_cache" computerName="MacBook-Pro-de-ADJAKPA" duration="00:00:01.5837095" startTime="2026-09-06T14:19:28.4292000+02:00" endTime="2026-09-06T14:19:28.4292080+02:00" testType="13cdc9d9-ddb5-4fa4-a97d-d965ccfc6d4b" outcome="Passed" testListId="8c84fa94-04c1-424b-9868-57a2d4851a1d" relativeResultsDirectory="51e08985-1b5c-4332-95e7-a12387665f92" />
    <UnitTestResult executionId="b8e9376e-7df3-4188-abc7-c6f05f60fa1e" testId="90d887fc-09e7-dc63-ddde-a0896a344fc8" testName="HBA.Merchants.IntegrationTests.CompteDeReversementTests.Le_compte_declare_est_rendu_tel_quel_a_l_api_interne" computerName="MacBook-Pro-de-ADJAKPA" duration="00:00:00.0243424" startTime="2026-09-06T14:19:28.4873720+02:00" endTime="2026-09-06T14:19:28.4873720+02:00" testType="13cdc9d9-ddb5-4fa4-a97d-d965ccfc6d4b" outcome="Passed" testListId="8c84fa94-04c1-424b-9868-57a2d4851a1d" relativeResultsDirectory="b8e9376e-7df3-4188-abc7-c6f05f60fa1e" />
    <UnitTestResult executionId="9daaccc5-aa18-47a6-8da2-2d37616ca6b3" testId="b28baf2c-187a-03ff-6fc2-969a50926c20" testName="HBA.Merchants.IntegrationTests.LieuExpeditionTests.Le_lieu_d_un_autre_vendeur_est_refuse" computerName="MacBook-Pro-de-ADJAKPA" duration="00:00:00.0724764" startTime="2026-09-06T14:19:31.3113930+02:00" endTime="2026-09-06T14:19:31.3113930+02:00" testType="13cdc9d9-ddb5-4fa4-a97d-d965ccfc6d4b" outcome="Passed" testListId="8c84fa94-04c1-424b-9868-57a2d4851a1d" relativeResultsDirectory="9daaccc5-aa18-47a6-8da2-2d37616ca6b3" />
    <UnitTestResult executionId="29cd9b31-9738-4715-97fb-e3906c20b4e8" testId="2f44f1f2-1087-868e-99c1-f735c2d0049e" testName="HBA.Merchants.IntegrationTests.ParcoursKybTests.La_fiche_vendeur_repond_dans_l_enveloppe_du_paragraphe_25" computerName="MacBook-Pro-de-ADJAKPA" duration="00:00:00.0213698" startTime="2026-09-06T14:19:31.4513360+02:00" endTime="2026-09-06T14:19:31.4513360+02:00" testType="13cdc9d9-ddb5-4fa4-a97d-d965ccfc6d4b" outcome="Passed" testListId="8c84fa94-04c1-424b-9868-57a2d4851a1d" relativeResultsDirectory="29cd9b31-9738-4715-97fb-e3906c20b4e8" />
    <UnitTestResult executionId="b9d99bc0-11ab-43d7-bb8c-fd4680209fbe" testId="db1fb701-7b73-7bf6-dc97-cd669ec66ccf" testName="HBA.Merchants.IntegrationTests.PieceKybTests.Sa_propre_piece_est_rattachee" computerName="MacBook-Pro-de-ADJAKPA" duration="00:00:00.0121511" startTime="2026-09-06T14:19:36.5466830+02:00" endTime="2026-09-06T14:19:36.5466830+02:00" testType="13cdc9d9-ddb5-4fa4-a97d-d965ccfc6d4b" outcome="Passed" testListId="8c84fa94-04c1-424b-9868-57a2d4851a1d" relativeResultsDirectory="b9d99bc0-11ab-43d7-bb8c-fd4680209fbe" />
    <UnitTestResult executionId="8dfb7b72-b7f3-4329-ba19-9097f74e1b90" testId="c4fd80f9-6edd-da8b-4b25-b1ef7c17820d" testName="HBA.Merchants.IntegrationTests.FicheEtFileTests.La_fiche_me_porte_tout_ce_que_l_application_vendeur_lit" computerName="MacBook-Pro-de-ADJAKPA" duration="00:00:00.0637366" startTime="2026-09-06T14:19:31.1541570+02:00" endTime="2026-09-06T14:19:31.1541570+02:00" testType="13cdc9d9-ddb5-4fa4-a97d-d965ccfc6d4b" outcome="Passed" testListId="8c84fa94-04c1-424b-9868-57a2d4851a1d" relativeResultsDirectory="8dfb7b72-b7f3-4329-ba19-9097f74e1b90" />
    <UnitTestResult executionId="db9cfcb5-f565-4da6-9a02-9dbf7580fa40" testId="e096a296-ef8a-c30a-7478-9559aaa29cda" testName="HBA.Merchants.IntegrationTests.PieceKybTests.Une_photo_de_boutique_n_est_pas_une_piece_legale" computerName="MacBook-Pro-de-ADJAKPA" duration="00:00:00.0061889" startTime="2026-09-06T14:19:36.5594540+02:00" endTime="2026-09-06T14:19:36.5594540+02:00" testType="13cdc9d9-ddb5-4fa4-a97d-d965ccfc6d4b" outcome="Passed" testListId="8c84fa94-04c1-424b-9868-57a2d4851a1d" relativeResultsDirectory="db9cfcb5-f565-4da6-9a02-9dbf7580fa40" />
    <UnitTestResult executionId="59c86295-6e2b-4605-9d48-3886b4693153" testId="314c6776-556c-588d-c661-242604d93c74" testName="HBA.Merchants.IntegrationTests.PieceKybTests.Un_media_inexistant_est_refuse" computerName="MacBook-Pro-de-ADJAKPA" duration="00:00:00.0063181" startTime="2026-09-06T14:19:36.5531370+02:00" endTime="2026-09-06T14:19:36.5531370+02:00" testType="13cdc9d9-ddb5-4fa4-a97d-d965ccfc6d4b" outcome="Passed" testListId="8c84fa94-04c1-424b-9868-57a2d4851a1d" relativeResultsDirectory="59c86295-6e2b-4605-9d48-3886b4693153" />
    <UnitTestResult executionId="937bcdc8-d615-4e4c-9286-2087609bcbe5" testId="f0fb0965-eddc-88ea-a296-24afa4140bb3" testName="HBA.Merchants.IntegrationTests.VerrouVendeurTests.Un_echec_relache_le_verrou" computerName="MacBook-Pro-de-ADJAKPA" duration="00:00:00.0264509" startTime="2026-09-06T14:20:06.6388720+02:00" endTime="2026-09-06T14:20:06.6388720+02:00" testType="13cdc9d9-ddb5-4fa4-a97d-d965ccfc6d4b" outcome="Passed" testListId="8c84fa94-04c1-424b-9868-57a2d4851a1d" relativeResultsDirectory="937bcdc8-d615-4e4c-9286-2087609bcbe5" />
    <UnitTestResult executionId="e02b097b-c668-4328-84e2-64bdd211cf49" testId="cc804d98-eae9-bf02-93a4-1b4cd69dc0a6" testName="HBA.Merchants.IntegrationTests.FicheEtFileTests.Le_filtre_sur_le_statut_kyb_ecarte_les_dossiers_non_commences" computerName="MacBook-Pro-de-ADJAKPA" duration="00:00:00.0294489" startTime="2026-09-06T14:19:31.2191700+02:00" endTime="2026-09-06T14:19:31.2191700+02:00" testType="13cdc9d9-ddb5-4fa4-a97d-d965ccfc6d4b" outcome="Passed" testListId="8c84fa94-04c1-424b-9868-57a2d4851a1d" relativeResultsDirectory="e02b097b-c668-4328-84e2-64bdd211cf49" />
    <UnitTestResult executionId="e01668c4-87c7-418a-9283-d8ce492bcd5e" testId="275e7780-9bd8-3e7c-cb06-c78f21119f4c" testName="HBA.Merchants.IntegrationTests.LieuExpeditionTests.Son_propre_lieu_est_rattache" computerName="MacBook-Pro-de-ADJAKPA" duration="00:00:00.0413307" startTime="2026-09-06T14:19:31.4296920+02:00" endTime="2026-09-06T14:19:31.4296920+02:00" testType="13cdc9d9-ddb5-4fa4-a97d-d965ccfc6d4b" outcome="Passed" testListId="8c84fa94-04c1-424b-9868-57a2d4851a1d" relativeResultsDirectory="e01668c4-87c7-418a-9283-d8ce492bcd5e" />
    <UnitTestResult executionId="45f12687-a7f3-4584-ad0f-de65ed61b215" testId="bb24c440-dc4f-e13d-512f-07995da71f74" testName="HBA.Merchants.IntegrationTests.PieceKybTests.La_piece_d_un_autre_vendeur_est_refusee" computerName="MacBook-Pro-de-ADJAKPA" duration="00:00:00.0126284" startTime="2026-09-06T14:19:36.5343720+02:00" endTime="2026-09-06T14:19:36.5343730+02:00" testType="13cdc9d9-ddb5-4fa4-a97d-d965ccfc6d4b" outcome="Passed" testListId="8c84fa94-04c1-424b-9868-57a2d4851a1d" relativeResultsDirectory="45f12687-a7f3-4584-ad0f-de65ed61b215" />
    <UnitTestResult executionId="fb9f9e48-059d-4b31-8102-9fdc3c8ca172" testId="2fe85e0e-dc41-44f7-e87c-20761af733c5" testName="HBA.Merchants.IntegrationTests.CompteursVitrineTests.La_note_recalculee_est_posee_sur_le_vendeur" computerName="MacBook-Pro-de-ADJAKPA" duration="00:00:00.1191849" startTime="2026-09-06T14:19:31.0293970+02:00" endTime="2026-09-06T14:19:31.0293970+02:00" testType="13cdc9d9-ddb5-4fa4-a97d-d965ccfc6d4b" outcome="Passed" testListId="8c84fa94-04c1-424b-9868-57a2d4851a1d" relativeResultsDirectory="fb9f9e48-059d-4b31-8102-9fdc3c8ca172" />
    <UnitTestResult executionId="78747763-7459-4bad-9bb7-5cf763a868d1" testId="ecdeee3d-48d0-fc68-b269-5a2dc2823060" testName="HBA.Merchants.IntegrationTests.CompteursVitrineTests.Un_compteur_de_ventes_qui_baisse_est_suivi" computerName="MacBook-Pro-de-ADJAKPA" duration="00:00:01.7651647" startTime="2026-09-06T14:19:30.2536960+02:00" endTime="2026-09-06T14:19:30.2536960+02:00" testType="13cdc9d9-ddb5-4fa4-a97d-d965ccfc6d4b" outcome="Passed" testListId="8c84fa94-04c1-424b-9868-57a2d4851a1d" relativeResultsDirectory="78747763-7459-4bad-9bb7-5cf763a868d1" />
    <UnitTestResult executionId="0c1fdb9f-6e4b-497e-ac82-e1db637f8dd5" testId="dfb01841-a1ea-2517-2d56-71845e046852" testName="HBA.Merchants.IntegrationTests.FicheEtFileTests.Un_statut_kyb_inconnu_ne_filtre_rien_et_ne_casse_pas_l_ecran" computerName="MacBook-Pro-de-ADJAKPA" duration="00:00:00.0088835" startTime="2026-09-06T14:19:31.2281890+02:00" endTime="2026-09-06T14:19:31.2281890+02:00" testType="13cdc9d9-ddb5-4fa4-a97d-d965ccfc6d4b" outcome="Passed" testListId="8c84fa94-04c1-424b-9868-57a2d4851a1d" relativeResultsDirectory="0c1fdb9f-6e4b-497e-ac82-e1db637f8dd5" />
    <UnitTestResult executionId="0935a872-8a02-4263-9308-f92fab380eaa" testId="3474a44c-c204-9599-fa13-5b563af85586" testName="HBA.Merchants.IntegrationTests.ParcoursKybTests.L_ancien_prefixe_n_est_plus_servi_par_le_service" computerName="MacBook-Pro-de-ADJAKPA" duration="00:00:00.0007623" startTime="2026-09-06T14:19:36.5069930+02:00" endTime="2026-09-06T14:19:36.5069930+02:00" testType="13cdc9d9-ddb5-4fa4-a97d-d965ccfc6d4b" outcome="Passed" testListId="8c84fa94-04c1-424b-9868-57a2d4851a1d" relativeResultsDirectory="0935a872-8a02-4263-9308-f92fab380eaa" />
    <UnitTestResult executionId="dad4b54e-34c6-4d22-bd5c-49d4bd68f83b" testId="36bc3aef-f0be-9e5b-1e3e-250f8b04b541" testName="HBA.Merchants.IntegrationTests.ParcoursKybTests.La_documentation_openapi_est_servie_sans_jeton" computerName="MacBook-Pro-de-ADJAKPA" duration="00:00:00.0606611" startTime="2026-09-06T14:19:36.4580490+02:00" endTime="2026-09-06T14:19:36.4580490+02:00" testType="13cdc9d9-ddb5-4fa4-a97d-d965ccfc6d4b" outcome="Passed" testListId="8c84fa94-04c1-424b-9868-57a2d4851a1d" relativeResultsDirectory="dad4b54e-34c6-4d22-bd5c-49d4bd68f83b" />
    <UnitTestResult executionId="07df5ad8-6600-49ad-8a69-5c932d62b3f9" testId="584c0f70-c6d4-824f-83f4-30ed832c8a66" testName="HBA.Merchants.IntegrationTests.PieceKybTests.Un_media_du_bon_identifiant_mais_du_mauvais_proprietaire_est_refuse" computerName="MacBook-Pro-de-ADJAKPA" duration="00:00:00.0077642" startTime="2026-09-06T14:19:36.5149870+02:00" endTime="2026-09-06T14:19:36.5149870+02:00" testType="13cdc9d9-ddb5-4fa4-a97d-d965ccfc6d4b" outcome="Passed" testListId="8c84fa94-04c1-424b-9868-57a2d4851a1d" relativeResultsDirectory="07df5ad8-6600-49ad-8a69-5c932d62b3f9" />
    <UnitTestResult executionId="c0c29e67-9724-41cf-ae38-2196c3db54ec" testId="fd773216-e4cb-4446-de5f-5bb8c373ff02" testName="HBA.Merchants.IntegrationTests.FicheEtFileTests.Les_facettes_comptent_la_file_entiere_et_non_la_page" computerName="MacBook-Pro-de-ADJAKPA" duration="00:00:00.0352224" startTime="2026-09-06T14:19:31.1895500+02:00" endTime="2026-09-06T14:19:31.1895500+02:00" testType="13cdc9d9-ddb5-4fa4-a97d-d965ccfc6d4b" outcome="Passed" testListId="8c84fa94-04c1-424b-9868-57a2d4851a1d" relativeResultsDirectory="c0c29e67-9724-41cf-ae38-2196c3db54ec" />
    <UnitTestResult executionId="05d60d40-1b23-4962-bdd9-3d2d3f1be04f" testId="6dd51e19-2717-2cd6-9211-13bfb734d7b1" testName="HBA.Merchants.IntegrationTests.CompteursVitrineTests.Une_commande_confirmee_met_a_jour_le_compteur_de_ventes" computerName="MacBook-Pro-de-ADJAKPA" duration="00:00:00.1302992" startTime="2026-09-06T14:19:30.9100510+02:00" endTime="2026-09-06T14:19:30.9100510+02:00" testType="13cdc9d9-ddb5-4fa4-a97d-d965ccfc6d4b" outcome="Passed" testListId="8c84fa94-04c1-424b-9868-57a2d4851a1d" relativeResultsDirectory="05d60d40-1b23-4962-bdd9-3d2d3f1be04f" />
    <UnitTestResult executionId="42b52f85-d9a4-4e03-bb40-33817253c264" testId="79256202-6412-493b-4b20-68731fc15783" testName="HBA.Merchants.IntegrationTests.CompteDeReversementTests.Une_authentification_trop_ancienne_ne_repointe_pas_le_compte_de_versement" computerName="MacBook-Pro-de-ADJAKPA" duration="00:00:00.0175069" startTime="2026-09-06T14:19:28.4470550+02:00" endTime="2026-09-06T14:19:28.4470550+02:00" testType="13cdc9d9-ddb5-4fa4-a97d-d965ccfc6d4b" outcome="Passed" testListId="8c84fa94-04c1-424b-9868-57a2d4851a1d" relativeResultsDirectory="42b52f85-d9a4-4e03-bb40-33817253c264" />
    <UnitTestResult executionId="54262f33-7c5d-4caf-afcc-f8670fee94b4" testId="1b551561-4e75-aeb6-94fa-e42cdd0750a9" testName="HBA.Merchants.IntegrationTests.ParcoursKybTests.Le_parcours_kyb_active_le_vendeur_et_ses_evenements_atteignent_le_courtier" computerName="MacBook-Pro-de-ADJAKPA" duration="00:00:04.9455083" startTime="2026-09-06T14:19:36.3971690+02:00" endTime="2026-09-06T14:19:36.3971690+02:00" testType="13cdc9d9-ddb5-4fa4-a97d-d965ccfc6d4b" outcome="Passed" testListId="8c84fa94-04c1-424b-9868-57a2d4851a1d" relativeResultsDirectory="54262f33-7c5d-4caf-afcc-f8670fee94b4" />
    <UnitTestResult executionId="e035a2ee-06ce-477d-9e97-9273065dd8cd" testId="d497fad1-4beb-4347-0fdd-60ca1c7ee561" testName="HBA.Merchants.IntegrationTests.LieuExpeditionTests.Un_entrepot_plateforme_n_est_pas_rattachable_par_le_vendeur" computerName="MacBook-Pro-de-ADJAKPA" duration="00:00:00.0326869" startTime="2026-09-06T14:19:31.3881860+02:00" endTime="2026-09-06T14:19:31.3881860+02:00" testType="13cdc9d9-ddb5-4fa4-a97d-d965ccfc6d4b" outcome="Passed" testListId="8c84fa94-04c1-424b-9868-57a2d4851a1d" relativeResultsDirectory="e035a2ee-06ce-477d-9e97-9273065dd8cd" />
    <UnitTestResult executionId="fb09e24f-ef66-4329-8996-1f6a8cd82c14" testId="9f300e3c-9a89-6d18-56ce-47476f93d992" testName="HBA.Merchants.IntegrationTests.CompteursVitrineTests.Les_deux_compteurs_remontent_sur_la_fiche_du_vendeur" computerName="MacBook-Pro-de-ADJAKPA" duration="00:00:00.2867482" startTime="2026-09-06T14:19:30.5406790+02:00" endTime="2026-09-06T14:19:30.5406790+02:00" testType="13cdc9d9-ddb5-4fa4-a97d-d965ccfc6d4b" outcome="Passed" testListId="8c84fa94-04c1-424b-9868-57a2d4851a1d" relativeResultsDirectory="fb09e24f-ef66-4329-8996-1f6a8cd82c14" />
    <UnitTestResult executionId="45bf72fa-e146-4df1-bf01-bc0cfd01e764" testId="145bcc28-2019-97b4-f5b1-5a867481ae16" testName="HBA.Merchants.IntegrationTests.CompteDeReversementTests.Un_identifiant_qui_ne_designe_personne_rend_vendeur_inconnu" computerName="MacBook-Pro-de-ADJAKPA" duration="00:00:00.0018369" startTime="2026-09-06T14:19:28.4628710+02:00" endTime="2026-09-06T14:19:28.4628710+02:00" testType="13cdc9d9-ddb5-4fa4-a97d-d965ccfc6d4b" outcome="Passed" testListId="8c84fa94-04c1-424b-9868-57a2d4851a1d" relativeResultsDirectory="45bf72fa-e146-4df1-bf01-bc0cfd01e764" />
    <UnitTestResult executionId="b519d7b3-6bc7-4b37-81a1-0e8c82193f3f" testId="0dbf03f1-9feb-2ff1-f939-20d4af3270c3" testName="HBA.Merchants.IntegrationTests.CompteDeReversementTests.Un_vendeur_sans_compte_declare_n_est_pas_un_vendeur_inconnu" computerName="MacBook-Pro-de-ADJAKPA" duration="00:00:00.0137161" startTime="2026-09-06T14:19:28.4609010+02:00" endTime="2026-09-06T14:19:28.4609010+02:00" testType="13cdc9d9-ddb5-4fa4-a97d-d965ccfc6d4b" outcome="Passed" testListId="8c84fa94-04c1-424b-9868-57a2d4851a1d" relativeResultsDirectory="b519d7b3-6bc7-4b37-81a1-0e8c82193f3f" />
    <UnitTestResult executionId="200332bc-9533-4826-b6ae-473338f18bc5" testId="4840e5ae-3c94-2fd7-4c35-0401939412aa" testName="HBA.Merchants.IntegrationTests.LieuExpeditionTests.Un_lieu_inexistant_est_refuse" computerName="MacBook-Pro-de-ADJAKPA" duration="00:00:00.0437893" startTime="2026-09-06T14:19:31.3553500+02:00" endTime="2026-09-06T14:19:31.3553500+02:00" testType="13cdc9d9-ddb5-4fa4-a97d-d965ccfc6d4b" outcome="Passed" testListId="8c84fa94-04c1-424b-9868-57a2d4851a1d" relativeResultsDirectory="200332bc-9533-4826-b6ae-473338f18bc5" />
    <UnitTestResult executionId="865c891d-73b1-4aca-b19c-97f758223a5d" testId="9828541e-67b0-e374-e028-2851a5b3ea76" testName="HBA.Merchants.IntegrationTests.ParcoursKybTests.La_fiche_vendeur_porte_ses_boutiques_sans_deplacer_ses_champs" computerName="MacBook-Pro-de-ADJAKPA" duration="00:00:00.0334418" startTime="2026-09-06T14:19:36.4932980+02:00" endTime="2026-09-06T14:19:36.4932980+02:00" testType="13cdc9d9-ddb5-4fa4-a97d-d965ccfc6d4b" outcome="Passed" testListId="8c84fa94-04c1-424b-9868-57a2d4851a1d" relativeResultsDirectory="865c891d-73b1-4aca-b19c-97f758223a5d" />
    <UnitTestResult executionId="5f97a955-e81d-4c0a-98e8-4d3b66384513" testId="873eb72a-9768-dc78-048d-0b9d4fe6d427" testName="HBA.Merchants.IntegrationTests.ParcoursKybTests.Un_acheteur_n_entre_pas_dans_la_surface_vendeur" computerName="MacBook-Pro-de-ADJAKPA" duration="00:00:00.0015540" startTime="2026-09-06T14:19:36.4597220+02:00" endTime="2026-09-06T14:19:36.4597220+02:00" testType="13cdc9d9-ddb5-4fa4-a97d-d965ccfc6d4b" outcome="Passed" testListId="8c84fa94-04c1-424b-9868-57a2d4851a1d" relativeResultsDirectory="5f97a955-e81d-4c0a-98e8-4d3b66384513" />
    <UnitTestResult executionId="51c975ff-a6fd-4fb3-b5eb-998c75a44be9" testId="d2a0ddc5-4eb1-23e7-76fd-7b5c45570ace" testName="HBA.Merchants.IntegrationTests.FicheEtFileTests.La_file_est_paginee_et_ses_compteurs_vivent_dans_meta" computerName="MacBook-Pro-de-ADJAKPA" duration="00:00:00.0103414" startTime="2026-09-06T14:19:31.2386710+02:00" endTime="2026-09-06T14:19:31.2386710+02:00" testType="13cdc9d9-ddb5-4fa4-a97d-d965ccfc6d4b" outcome="Passed" testListId="8c84fa94-04c1-424b-9868-57a2d4851a1d" relativeResultsDirectory="51c975ff-a6fd-4fb3-b5eb-998c75a44be9" />
    <UnitTestResult executionId="5642624b-ccd0-4712-a88f-f135294c1a03" testId="aa48c515-8976-b5ad-e94c-8fb720b1a231" testName="HBA.Merchants.IntegrationTests.PurgeRgpdTests.Un_compte_anonymise_ferme_le_dossier_et_nomme_chaque_piece" computerName="MacBook-Pro-de-ADJAKPA" duration="00:00:02.8302463" startTime="2026-09-06T14:20:06.6113080+02:00" endTime="2026-09-06T14:20:06.6113090+02:00" testType="13cdc9d9-ddb5-4fa4-a97d-d965ccfc6d4b" outcome="Passed" testListId="8c84fa94-04c1-424b-9868-57a2d4851a1d" relativeResultsDirectory="5642624b-ccd0-4712-a88f-f135294c1a03" />
    <UnitTestResult executionId="7a19df02-d453-4d85-a2be-a74256caecf2" testId="9cf17760-b3b7-5a89-1d7d-3eca9c5ee3c7" testName="HBA.Merchants.IntegrationTests.ParcoursKybTests.Le_service_demarre_et_sa_base_repond_sur_un_schema_neuf" computerName="MacBook-Pro-de-ADJAKPA" duration="00:00:00.0126437" startTime="2026-09-06T14:19:36.5060910+02:00" endTime="2026-09-06T14:19:36.5060910+02:00" testType="13cdc9d9-ddb5-4fa4-a97d-d965ccfc6d4b" outcome="Passed" testListId="8c84fa94-04c1-424b-9868-57a2d4851a1d" relativeResultsDirectory="7a19df02-d453-4d85-a2be-a74256caecf2" />
    <UnitTestResult executionId="85ab4bcd-1525-42e5-b1fe-780d801542d6" testId="e1a668ad-00ba-8022-312e-70b82b14a891" testName="HBA.Merchants.IntegrationTests.FicheEtFileTests.La_file_d_administration_ne_porte_ni_compte_de_retrait_ni_pieces" computerName="MacBook-Pro-de-ADJAKPA" duration="00:00:00.0604540" startTime="2026-09-06T14:19:31.0902310+02:00" endTime="2026-09-06T14:19:31.0902310+02:00" testType="13cdc9d9-ddb5-4fa4-a97d-d965ccfc6d4b" outcome="Passed" testListId="8c84fa94-04c1-424b-9868-57a2d4851a1d" relativeResultsDirectory="85ab4bcd-1525-42e5-b1fe-780d801542d6" />
  </Results>
  <TestDefinitions>
    <UnitTest name="HBA.Merchants.IntegrationTests.CompteDeReversementTests.Un_identifiant_qui_ne_designe_personne_rend_vendeur_inconnu" storage="/users/hector/documents/hba/tests/hba.merchants.integrationtests/bin/debug/net9.0/hba.merchants.integrationtests.dll" id="145bcc28-2019-97b4-f5b1-5a867481ae16">
      <Execution id="45bf72fa-e146-4df1-bf01-bc0cfd01e764" />
      <TestMethod codeBase="/Users/hector/Documents/HBA/tests/HBA.Merchants.IntegrationTests/bin/Debug/net9.0/HBA.Merchants.IntegrationTests.dll" adapterTypeName="executor://xunit/VsTestRunner2/netcoreapp" className="HBA.Merchants.IntegrationTests.CompteDeReversementTests" name="Un_identifiant_qui_ne_designe_personne_rend_vendeur_inconnu" />
    </UnitTest>
    <UnitTest name="HBA.Merchants.IntegrationTests.LieuExpeditionTests.Son_propre_lieu_est_rattache" storage="/users/hector/documents/hba/tests/hba.merchants.integrationtests/bin/debug/net9.0/hba.merchants.integrationtests.dll" id="275e7780-9bd8-3e7c-cb06-c78f21119f4c">
      <Execution id="e01668c4-87c7-418a-9283-d8ce492bcd5e" />
      <TestMethod codeBase="/Users/hector/Documents/HBA/tests/HBA.Merchants.IntegrationTests/bin/Debug/net9.0/HBA.Merchants.IntegrationTests.dll" adapterTypeName="executor://xunit/VsTestRunner2/netcoreapp" className="HBA.Merchants.IntegrationTests.LieuExpeditionTests" name="Son_propre_lieu_est_rattache" />
    </UnitTest>
    <UnitTest name="HBA.Merchants.IntegrationTests.CompteDeReversementTests.Le_compte_declare_est_rendu_tel_quel_a_l_api_interne" storage="/users/hector/documents/hba/tests/hba.merchants.integrationtests/bin/debug/net9.0/hba.merchants.integrationtests.dll" id="90d887fc-09e7-dc63-ddde-a0896a344fc8">
      <Execution id="b8e9376e-7df3-4188-abc7-c6f05f60fa1e" />
      <TestMethod codeBase="/Users/hector/Documents/HBA/tests/HBA.Merchants.IntegrationTests/bin/Debug/net9.0/HBA.Merchants.IntegrationTests.dll" adapterTypeName="executor://xunit/VsTestRunner2/netcoreapp" className="HBA.Merchants.IntegrationTests.CompteDeReversementTests" name="Le_compte_declare_est_rendu_tel_quel_a_l_api_interne" />
    </UnitTest>
    <UnitTest name="HBA.Merchants.IntegrationTests.CompteursVitrineTests.Une_commande_confirmee_met_a_jour_le_compteur_de_ventes" storage="/users/hector/documents/hba/tests/hba.merchants.integrationtests/bin/debug/net9.0/hba.merchants.integrationtests.dll" id="6dd51e19-2717-2cd6-9211-13bfb734d7b1">
      <Execution id="05d60d40-1b23-4962-bdd9-3d2d3f1be04f" />
      <TestMethod codeBase="/Users/hector/Documents/HBA/tests/HBA.Merchants.IntegrationTests/bin/Debug/net9.0/HBA.Merchants.IntegrationTests.dll" adapterTypeName="executor://xunit/VsTestRunner2/netcoreapp" className="HBA.Merchants.IntegrationTests.CompteursVitrineTests" name="Une_commande_confirmee_met_a_jour_le_compteur_de_ventes" />
    </UnitTest>
    <UnitTest name="HBA.Merchants.IntegrationTests.PieceKybTests.Un_media_du_bon_identifiant_mais_du_mauvais_proprietaire_est_refuse" storage="/users/hector/documents/hba/tests/hba.merchants.integrationtests/bin/debug/net9.0/hba.merchants.integrationtests.dll" id="584c0f70-c6d4-824f-83f4-30ed832c8a66">
      <Execution id="07df5ad8-6600-49ad-8a69-5c932d62b3f9" />
      <TestMethod codeBase="/Users/hector/Documents/HBA/tests/HBA.Merchants.IntegrationTests/bin/Debug/net9.0/HBA.Merchants.IntegrationTests.dll" adapterTypeName="executor://xunit/VsTestRunner2/netcoreapp" className="HBA.Merchants.IntegrationTests.PieceKybTests" name="Un_media_du_bon_identifiant_mais_du_mauvais_proprietaire_est_refuse" />
    </UnitTest>
    <UnitTest name="HBA.Merchants.IntegrationTests.PurgeRgpdTests.Le_meme_evenement_rejoue_ne_reemet_aucun_ordre_d_effacement" storage="/users/hector/documents/hba/tests/hba.merchants.integrationtests/bin/debug/net9.0/hba.merchants.integrationtests.dll" id="a028496f-9d07-00b7-4291-c616bf5383f7">
      <Execution id="a519f924-ee46-44e0-830a-0f23f6356b6c" />
      <TestMethod codeBase="/Users/hector/Documents/HBA/tests/HBA.Merchants.IntegrationTests/bin/Debug/net9.0/HBA.Merchants.IntegrationTests.dll" adapterTypeName="executor://xunit/VsTestRunner2/netcoreapp" className="HBA.Merchants.IntegrationTests.PurgeRgpdTests" name="Le_meme_evenement_rejoue_ne_reemet_aucun_ordre_d_effacement" />
    </UnitTest>
    <UnitTest name="HBA.Merchants.IntegrationTests.ParcoursKybTests.Le_parcours_kyb_active_le_vendeur_et_ses_evenements_atteignent_le_courtier" storage="/users/hector/documents/hba/tests/hba.merchants.integrationtests/bin/debug/net9.0/hba.merchants.integrationtests.dll" id="1b551561-4e75-aeb6-94fa-e42cdd0750a9">
      <Execution id="54262f33-7c5d-4caf-afcc-f8670fee94b4" />
      <TestMethod codeBase="/Users/hector/Documents/HBA/tests/HBA.Merchants.IntegrationTests/bin/Debug/net9.0/HBA.Merchants.IntegrationTests.dll" adapterTypeName="executor://xunit/VsTestRunner2/netcoreapp" className="HBA.Merchants.IntegrationTests.ParcoursKybTests" name="Le_parcours_kyb_active_le_vendeur_et_ses_evenements_atteignent_le_courtier" />
    </UnitTest>
    <UnitTest name="HBA.Merchants.IntegrationTests.VerrouVendeurTests.Deux_operations_sur_le_meme_vendeur_sont_serialisees" storage="/users/hector/documents/hba/tests/hba.merchants.integrationtests/bin/debug/net9.0/hba.merchants.integrationtests.dll" id="108591a4-db57-af6f-30db-79a68abb35af">
      <Execution id="846e4fca-4525-49c1-a39e-31ef1e0264a2" />
      <TestMethod codeBase="/Users/hector/Documents/HBA/tests/HBA.Merchants.IntegrationTests/bin/Debug/net9.0/HBA.Merchants.IntegrationTests.dll" adapterTypeName="executor://xunit/VsTestRunner2/netcoreapp" className="HBA.Merchants.IntegrationTests.VerrouVendeurTests" name="Deux_operations_sur_le_meme_vendeur_sont_serialisees" />
    </UnitTest>
    <UnitTest name="HBA.Merchants.IntegrationTests.ParcoursKybTests.La_documentation_openapi_est_servie_sans_jeton" storage="/users/hector/documents/hba/tests/hba.merchants.integrationtests/bin/debug/net9.0/hba.merchants.integrationtests.dll" id="36bc3aef-f0be-9e5b-1e3e-250f8b04b541">
      <Execution id="dad4b54e-34c6-4d22-bd5c-49d4bd68f83b" />
      <TestMethod codeBase="/Users/hector/Documents/HBA/tests/HBA.Merchants.IntegrationTests/bin/Debug/net9.0/HBA.Merchants.IntegrationTests.dll" adapterTypeName="executor://xunit/VsTestRunner2/netcoreapp" className="HBA.Merchants.IntegrationTests.ParcoursKybTests" name="La_documentation_openapi_est_servie_sans_jeton" />
    </UnitTest>
    <UnitTest name="HBA.Merchants.IntegrationTests.FicheEtFileTests.Un_statut_kyb_inconnu_ne_filtre_rien_et_ne_casse_pas_l_ecran" storage="/users/hector/documents/hba/tests/hba.merchants.integrationtests/bin/debug/net9.0/hba.merchants.integrationtests.dll" id="dfb01841-a1ea-2517-2d56-71845e046852">
      <Execution id="0c1fdb9f-6e4b-497e-ac82-e1db637f8dd5" />
      <TestMethod codeBase="/Users/hector/Documents/HBA/tests/HBA.Merchants.IntegrationTests/bin/Debug/net9.0/HBA.Merchants.IntegrationTests.dll" adapterTypeName="executor://xunit/VsTestRunner2/netcoreapp" className="HBA.Merchants.IntegrationTests.FicheEtFileTests" name="Un_statut_kyb_inconnu_ne_filtre_rien_et_ne_casse_pas_l_ecran" />
    </UnitTest>
    <UnitTest name="HBA.Merchants.IntegrationTests.ParcoursKybTests.L_ancien_prefixe_n_est_plus_servi_par_le_service" storage="/users/hector/documents/hba/tests/hba.merchants.integrationtests/bin/debug/net9.0/hba.merchants.integrationtests.dll" id="3474a44c-c204-9599-fa13-5b563af85586">
      <Execution id="0935a872-8a02-4263-9308-f92fab380eaa" />
      <TestMethod codeBase="/Users/hector/Documents/HBA/tests/HBA.Merchants.IntegrationTests/bin/Debug/net9.0/HBA.Merchants.IntegrationTests.dll" adapterTypeName="executor://xunit/VsTestRunner2/netcoreapp" className="HBA.Merchants.IntegrationTests.ParcoursKybTests" name="L_ancien_prefixe_n_est_plus_servi_par_le_service" />
    </UnitTest>
    <UnitTest name="HBA.Merchants.IntegrationTests.LieuExpeditionTests.Un_lieu_inexistant_est_refuse" storage="/users/hector/documents/hba/tests/hba.merchants.integrationtests/bin/debug/net9.0/hba.merchants.integrationtests.dll" id="4840e5ae-3c94-2fd7-4c35-0401939412aa">
      <Execution id="200332bc-9533-4826-b6ae-473338f18bc5" />
      <TestMethod codeBase="/Users/hector/Documents/HBA/tests/HBA.Merchants.IntegrationTests/bin/Debug/net9.0/HBA.Merchants.IntegrationTests.dll" adapterTypeName="executor://xunit/VsTestRunner2/netcoreapp" className="HBA.Merchants.IntegrationTests.LieuExpeditionTests" name="Un_lieu_inexistant_est_refuse" />
    </UnitTest>
    <UnitTest name="HBA.Merchants.IntegrationTests.PieceKybTests.Un_media_inexistant_est_refuse" storage="/users/hector/documents/hba/tests/hba.merchants.integrationtests/bin/debug/net9.0/hba.merchants.integrationtests.dll" id="314c6776-556c-588d-c661-242604d93c74">
      <Execution id="59c86295-6e2b-4605-9d48-3886b4693153" />
      <TestMethod codeBase="/Users/hector/Documents/HBA/tests/HBA.Merchants.IntegrationTests/bin/Debug/net9.0/HBA.Merchants.IntegrationTests.dll" adapterTypeName="executor://xunit/VsTestRunner2/netcoreapp" className="HBA.Merchants.IntegrationTests.PieceKybTests" name="Un_media_inexistant_est_refuse" />
    </UnitTest>
    <UnitTest name="HBA.Merchants.IntegrationTests.FicheEtFileTests.Les_facettes_comptent_la_file_entiere_et_non_la_page" storage="/users/hector/documents/hba/tests/hba.merchants.integrationtests/bin/debug/net9.0/hba.merchants.integrationtests.dll" id="fd773216-e4cb-4446-de5f-5bb8c373ff02">
      <Execution id="c0c29e67-9724-41cf-ae38-2196c3db54ec" />
      <TestMethod codeBase="/Users/hector/Documents/HBA/tests/HBA.Merchants.IntegrationTests/bin/Debug/net9.0/HBA.Merchants.IntegrationTests.dll" adapterTypeName="executor://xunit/VsTestRunner2/netcoreapp" className="HBA.Merchants.IntegrationTests.FicheEtFileTests" name="Les_facettes_comptent_la_file_entiere_et_non_la_page" />
    </UnitTest>
    <UnitTest name="HBA.Merchants.IntegrationTests.PieceKybTests.Sa_propre_piece_est_rattachee" storage="/users/hector/documents/hba/tests/hba.merchants.integrationtests/bin/debug/net9.0/hba.merchants.integrationtests.dll" id="db1fb701-7b73-7bf6-dc97-cd669ec66ccf">
      <Execution id="b9d99bc0-11ab-43d7-bb8c-fd4680209fbe" />
      <TestMethod codeBase="/Users/hector/Documents/HBA/tests/HBA.Merchants.IntegrationTests/bin/Debug/net9.0/HBA.Merchants.IntegrationTests.dll" adapterTypeName="executor://xunit/VsTestRunner2/netcoreapp" className="HBA.Merchants.IntegrationTests.PieceKybTests" name="Sa_propre_piece_est_rattachee" />
    </UnitTest>
    <UnitTest name="HBA.Merchants.IntegrationTests.PieceKybTests.Une_photo_de_boutique_n_est_pas_une_piece_legale" storage="/users/hector/documents/hba/tests/hba.merchants.integrationtests/bin/debug/net9.0/hba.merchants.integrationtests.dll" id="e096a296-ef8a-c30a-7478-9559aaa29cda">
      <Execution id="db9cfcb5-f565-4da6-9a02-9dbf7580fa40" />
      <TestMethod codeBase="/Users/hector/Documents/HBA/tests/HBA.Merchants.IntegrationTests/bin/Debug/net9.0/HBA.Merchants.IntegrationTests.dll" adapterTypeName="executor://xunit/VsTestRunner2/netcoreapp" className="HBA.Merchants.IntegrationTests.PieceKybTests" name="Une_photo_de_boutique_n_est_pas_une_piece_legale" />
    </UnitTest>
    <UnitTest name="HBA.Merchants.IntegrationTests.PieceKybTests.La_piece_d_un_autre_vendeur_est_refusee" storage="/users/hector/documents/hba/tests/hba.merchants.integrationtests/bin/debug/net9.0/hba.merchants.integrationtests.dll" id="bb24c440-dc4f-e13d-512f-07995da71f74">
      <Execution id="45f12687-a7f3-4584-ad0f-de65ed61b215" />
      <TestMethod codeBase="/Users/hector/Documents/HBA/tests/HBA.Merchants.IntegrationTests/bin/Debug/net9.0/HBA.Merchants.IntegrationTests.dll" adapterTypeName="executor://xunit/VsTestRunner2/netcoreapp" className="HBA.Merchants.IntegrationTests.PieceKybTests" name="La_piece_d_un_autre_vendeur_est_refusee" />
    </UnitTest>
    <UnitTest name="HBA.Merchants.IntegrationTests.VerrouVendeurTests.Un_echec_relache_le_verrou" storage="/users/hector/documents/hba/tests/hba.merchants.integrationtests/bin/debug/net9.0/hba.merchants.integrationtests.dll" id="f0fb0965-eddc-88ea-a296-24afa4140bb3">
      <Execution id="937bcdc8-d615-4e4c-9286-2087609bcbe5" />
      <TestMethod codeBase="/Users/hector/Documents/HBA/tests/HBA.Merchants.IntegrationTests/bin/Debug/net9.0/HBA.Merchants.IntegrationTests.dll" adapterTypeName="executor://xunit/VsTestRunner2/netcoreapp" className="HBA.Merchants.IntegrationTests.VerrouVendeurTests" name="Un_echec_relache_le_verrou" />
    </UnitTest>
    <UnitTest name="HBA.Merchants.IntegrationTests.ParcoursKybTests.La_fiche_vendeur_repond_dans_l_enveloppe_du_paragraphe_25" storage="/users/hector/documents/hba/tests/hba.merchants.integrationtests/bin/debug/net9.0/hba.merchants.integrationtests.dll" id="2f44f1f2-1087-868e-99c1-f735c2d0049e">
      <Execution id="29cd9b31-9738-4715-97fb-e3906c20b4e8" />
      <TestMethod codeBase="/Users/hector/Documents/HBA/tests/HBA.Merchants.IntegrationTests/bin/Debug/net9.0/HBA.Merchants.IntegrationTests.dll" adapterTypeName="executor://xunit/VsTestRunner2/netcoreapp" className="HBA.Merchants.IntegrationTests.ParcoursKybTests" name="La_fiche_vendeur_repond_dans_l_enveloppe_du_paragraphe_25" />
    </UnitTest>
    <UnitTest name="HBA.Merchants.IntegrationTests.ParcoursKybTests.Le_service_demarre_et_sa_base_repond_sur_un_schema_neuf" storage="/users/hector/documents/hba/tests/hba.merchants.integrationtests/bin/debug/net9.0/hba.merchants.integrationtests.dll" id="9cf17760-b3b7-5a89-1d7d-3eca9c5ee3c7">
      <Execution id="7a19df02-d453-4d85-a2be-a74256caecf2" />
      <TestMethod codeBase="/Users/hector/Documents/HBA/tests/HBA.Merchants.IntegrationTests/bin/Debug/net9.0/HBA.Merchants.IntegrationTests.dll" adapterTypeName="executor://xunit/VsTestRunner2/netcoreapp" className="HBA.Merchants.IntegrationTests.ParcoursKybTests" name="Le_service_demarre_et_sa_base_repond_sur_un_schema_neuf" />
    </UnitTest>
    <UnitTest name="HBA.Merchants.IntegrationTests.FicheEtFileTests.La_file_est_paginee_et_ses_compteurs_vivent_dans_meta" storage="/users/hector/documents/hba/tests/hba.merchants.integrationtests/bin/debug/net9.0/hba.merchants.integrationtests.dll" id="d2a0ddc5-4eb1-23e7-76fd-7b5c45570ace">
      <Execution id="51c975ff-a6fd-4fb3-b5eb-998c75a44be9" />
      <TestMethod codeBase="/Users/hector/Documents/HBA/tests/HBA.Merchants.IntegrationTests/bin/Debug/net9.0/HBA.Merchants.IntegrationTests.dll" adapterTypeName="executor://xunit/VsTestRunner2/netcoreapp" className="HBA.Merchants.IntegrationTests.FicheEtFileTests" name="La_file_est_paginee_et_ses_compteurs_vivent_dans_meta" />
    </UnitTest>
    <UnitTest name="HBA.Merchants.IntegrationTests.VerrouVendeurTests.Deux_vendeurs_differents_ne_s_attendent_pas" storage="/users/hector/documents/hba/tests/hba.merchants.integrationtests/bin/debug/net9.0/hba.merchants.integrationtests.dll" id="f5fe1066-cc83-047d-67a7-a0b1066969ee">
      <Execution id="2e9bfffb-973f-4eca-afc2-52c31019ff42" />
      <TestMethod codeBase="/Users/hector/Documents/HBA/tests/HBA.Merchants.IntegrationTests/bin/Debug/net9.0/HBA.Merchants.IntegrationTests.dll" adapterTypeName="executor://xunit/VsTestRunner2/netcoreapp" className="HBA.Merchants.IntegrationTests.VerrouVendeurTests" name="Deux_vendeurs_differents_ne_s_attendent_pas" />
    </UnitTest>
    <UnitTest name="HBA.Merchants.IntegrationTests.ParcoursKybTests.La_fiche_vendeur_porte_ses_boutiques_sans_deplacer_ses_champs" storage="/users/hector/documents/hba/tests/hba.merchants.integrationtests/bin/debug/net9.0/hba.merchants.integrationtests.dll" id="9828541e-67b0-e374-e028-2851a5b3ea76">
      <Execution id="865c891d-73b1-4aca-b19c-97f758223a5d" />
      <TestMethod codeBase="/Users/hector/Documents/HBA/tests/HBA.Merchants.IntegrationTests/bin/Debug/net9.0/HBA.Merchants.IntegrationTests.dll" adapterTypeName="executor://xunit/VsTestRunner2/netcoreapp" className="HBA.Merchants.IntegrationTests.ParcoursKybTests" name="La_fiche_vendeur_porte_ses_boutiques_sans_deplacer_ses_champs" />
    </UnitTest>
    <UnitTest name="HBA.Merchants.IntegrationTests.PurgeRgpdTests.Un_compte_anonymise_ferme_le_dossier_et_nomme_chaque_piece" storage="/users/hector/documents/hba/tests/hba.merchants.integrationtests/bin/debug/net9.0/hba.merchants.integrationtests.dll" id="aa48c515-8976-b5ad-e94c-8fb720b1a231">
      <Execution id="5642624b-ccd0-4712-a88f-f135294c1a03" />
      <TestMethod codeBase="/Users/hector/Documents/HBA/tests/HBA.Merchants.IntegrationTests/bin/Debug/net9.0/HBA.Merchants.IntegrationTests.dll" adapterTypeName="executor://xunit/VsTestRunner2/netcoreapp" className="HBA.Merchants.IntegrationTests.PurgeRgpdTests" name="Un_compte_anonymise_ferme_le_dossier_et_nomme_chaque_piece" />
    </UnitTest>
    <UnitTest name="HBA.Merchants.IntegrationTests.LieuExpeditionTests.Un_entrepot_plateforme_n_est_pas_rattachable_par_le_vendeur" storage="/users/hector/documents/hba/tests/hba.merchants.integrationtests/bin/debug/net9.0/hba.merchants.integrationtests.dll" id="d497fad1-4beb-4347-0fdd-60ca1c7ee561">
      <Execution id="e035a2ee-06ce-477d-9e97-9273065dd8cd" />
      <TestMethod codeBase="/Users/hector/Documents/HBA/tests/HBA.Merchants.IntegrationTests/bin/Debug/net9.0/HBA.Merchants.IntegrationTests.dll" adapterTypeName="executor://xunit/VsTestRunner2/netcoreapp" className="HBA.Merchants.IntegrationTests.LieuExpeditionTests" name="Un_entrepot_plateforme_n_est_pas_rattachable_par_le_vendeur" />
    </UnitTest>
    <UnitTest name="HBA.Merchants.IntegrationTests.FicheEtFileTests.La_fiche_me_porte_tout_ce_que_l_application_vendeur_lit" storage="/users/hector/documents/hba/tests/hba.merchants.integrationtests/bin/debug/net9.0/hba.merchants.integrationtests.dll" id="c4fd80f9-6edd-da8b-4b25-b1ef7c17820d">
      <Execution id="8dfb7b72-b7f3-4329-ba19-9097f74e1b90" />
      <TestMethod codeBase="/Users/hector/Documents/HBA/tests/HBA.Merchants.IntegrationTests/bin/Debug/net9.0/HBA.Merchants.IntegrationTests.dll" adapterTypeName="executor://xunit/VsTestRunner2/netcoreapp" className="HBA.Merchants.IntegrationTests.FicheEtFileTests" name="La_fiche_me_porte_tout_ce_que_l_application_vendeur_lit" />
    </UnitTest>
    <UnitTest name="HBA.Merchants.IntegrationTests.CompteursVitrineTests.Les_deux_compteurs_remontent_sur_la_fiche_du_vendeur" storage="/users/hector/documents/hba/tests/hba.merchants.integrationtests/bin/debug/net9.0/hba.merchants.integrationtests.dll" id="9f300e3c-9a89-6d18-56ce-47476f93d992">
      <Execution id="fb09e24f-ef66-4329-8996-1f6a8cd82c14" />
      <TestMethod codeBase="/Users/hector/Documents/HBA/tests/HBA.Merchants.IntegrationTests/bin/Debug/net9.0/HBA.Merchants.IntegrationTests.dll" adapterTypeName="executor://xunit/VsTestRunner2/netcoreapp" className="HBA.Merchants.IntegrationTests.CompteursVitrineTests" name="Les_deux_compteurs_remontent_sur_la_fiche_du_vendeur" />
    </UnitTest>
    <UnitTest name="HBA.Merchants.IntegrationTests.FicheEtFileTests.La_file_d_administration_ne_porte_ni_compte_de_retrait_ni_pieces" storage="/users/hector/documents/hba/tests/hba.merchants.integrationtests/bin/debug/net9.0/hba.merchants.integrationtests.dll" id="e1a668ad-00ba-8022-312e-70b82b14a891">
      <Execution id="85ab4bcd-1525-42e5-b1fe-780d801542d6" />
      <TestMethod codeBase="/Users/hector/Documents/HBA/tests/HBA.Merchants.IntegrationTests/bin/Debug/net9.0/HBA.Merchants.IntegrationTests.dll" adapterTypeName="executor://xunit/VsTestRunner2/netcoreapp" className="HBA.Merchants.IntegrationTests.FicheEtFileTests" name="La_file_d_administration_ne_porte_ni_compte_de_retrait_ni_pieces" />
    </UnitTest>
    <UnitTest name="HBA.Merchants.IntegrationTests.LieuExpeditionTests.Le_lieu_d_un_autre_vendeur_est_refuse" storage="/users/hector/documents/hba/tests/hba.merchants.integrationtests/bin/debug/net9.0/hba.merchants.integrationtests.dll" id="b28baf2c-187a-03ff-6fc2-969a50926c20">
      <Execution id="9daaccc5-aa18-47a6-8da2-2d37616ca6b3" />
      <TestMethod codeBase="/Users/hector/Documents/HBA/tests/HBA.Merchants.IntegrationTests/bin/Debug/net9.0/HBA.Merchants.IntegrationTests.dll" adapterTypeName="executor://xunit/VsTestRunner2/netcoreapp" className="HBA.Merchants.IntegrationTests.LieuExpeditionTests" name="Le_lieu_d_un_autre_vendeur_est_refuse" />
    </UnitTest>
    <UnitTest name="HBA.Merchants.IntegrationTests.FicheEtFileTests.Le_filtre_sur_le_statut_kyb_ecarte_les_dossiers_non_commences" storage="/users/hector/documents/hba/tests/hba.merchants.integrationtests/bin/debug/net9.0/hba.merchants.integrationtests.dll" id="cc804d98-eae9-bf02-93a4-1b4cd69dc0a6">
      <Execution id="e02b097b-c668-4328-84e2-64bdd211cf49" />
      <TestMethod codeBase="/Users/hector/Documents/HBA/tests/HBA.Merchants.IntegrationTests/bin/Debug/net9.0/HBA.Merchants.IntegrationTests.dll" adapterTypeName="executor://xunit/VsTestRunner2/netcoreapp" className="HBA.Merchants.IntegrationTests.FicheEtFileTests" name="Le_filtre_sur_le_statut_kyb_ecarte_les_dossiers_non_commences" />
    </UnitTest>
    <UnitTest name="HBA.Merchants.IntegrationTests.CompteursVitrineTests.La_note_recalculee_est_posee_sur_le_vendeur" storage="/users/hector/documents/hba/tests/hba.merchants.integrationtests/bin/debug/net9.0/hba.merchants.integrationtests.dll" id="2fe85e0e-dc41-44f7-e87c-20761af733c5">
      <Execution id="fb9f9e48-059d-4b31-8102-9fdc3c8ca172" />
      <TestMethod codeBase="/Users/hector/Documents/HBA/tests/HBA.Merchants.IntegrationTests/bin/Debug/net9.0/HBA.Merchants.IntegrationTests.dll" adapterTypeName="executor://xunit/VsTestRunner2/netcoreapp" className="HBA.Merchants.IntegrationTests.CompteursVitrineTests" name="La_note_recalculee_est_posee_sur_le_vendeur" />
    </UnitTest>
    <UnitTest name="HBA.Merchants.IntegrationTests.CompteursVitrineTests.Un_compteur_de_ventes_qui_baisse_est_suivi" storage="/users/hector/documents/hba/tests/hba.merchants.integrationtests/bin/debug/net9.0/hba.merchants.integrationtests.dll" id="ecdeee3d-48d0-fc68-b269-5a2dc2823060">
      <Execution id="78747763-7459-4bad-9bb7-5cf763a868d1" />
      <TestMethod codeBase="/Users/hector/Documents/HBA/tests/HBA.Merchants.IntegrationTests/bin/Debug/net9.0/HBA.Merchants.IntegrationTests.dll" adapterTypeName="executor://xunit/VsTestRunner2/netcoreapp" className="HBA.Merchants.IntegrationTests.CompteursVitrineTests" name="Un_compteur_de_ventes_qui_baisse_est_suivi" />
    </UnitTest>
    <UnitTest name="HBA.Merchants.IntegrationTests.CompteursVitrineTests.Une_note_qui_baisse_remplace_l_ancienne" storage="/users/hector/documents/hba/tests/hba.merchants.integrationtests/bin/debug/net9.0/hba.merchants.integrationtests.dll" id="8170816b-3117-0307-8af5-745020de4d35">
      <Execution id="d2581330-638e-4d45-87b3-3a40cb40c698" />
      <TestMethod codeBase="/Users/hector/Documents/HBA/tests/HBA.Merchants.IntegrationTests/bin/Debug/net9.0/HBA.Merchants.IntegrationTests.dll" adapterTypeName="executor://xunit/VsTestRunner2/netcoreapp" className="HBA.Merchants.IntegrationTests.CompteursVitrineTests" name="Une_note_qui_baisse_remplace_l_ancienne" />
    </UnitTest>
    <UnitTest name="HBA.Merchants.IntegrationTests.PieceKybTests.Un_fichier_encore_en_traitement_est_refuse_sans_ambiguite" storage="/users/hector/documents/hba/tests/hba.merchants.integrationtests/bin/debug/net9.0/hba.merchants.integrationtests.dll" id="ea2e8304-98c9-8c98-a936-0a4394985c1c">
      <Execution id="5ae57014-9a3f-462c-870a-3c26cc73e34e" />
      <TestMethod codeBase="/Users/hector/Documents/HBA/tests/HBA.Merchants.IntegrationTests/bin/Debug/net9.0/HBA.Merchants.IntegrationTests.dll" adapterTypeName="executor://xunit/VsTestRunner2/netcoreapp" className="HBA.Merchants.IntegrationTests.PieceKybTests" name="Un_fichier_encore_en_traitement_est_refuse_sans_ambiguite" />
    </UnitTest>
    <UnitTest name="HBA.Merchants.IntegrationTests.CompteDeReversementTests.Un_compte_corrige_est_lu_immediatement_sans_passer_par_le_cache" storage="/users/hector/documents/hba/tests/hba.merchants.integrationtests/bin/debug/net9.0/hba.merchants.integrationtests.dll" id="dcb38a20-8aff-ed7c-efc5-8d24dae5eee5">
      <Execution id="51e08985-1b5c-4332-95e7-a12387665f92" />
      <TestMethod codeBase="/Users/hector/Documents/HBA/tests/HBA.Merchants.IntegrationTests/bin/Debug/net9.0/HBA.Merchants.IntegrationTests.dll" adapterTypeName="executor://xunit/VsTestRunner2/netcoreapp" className="HBA.Merchants.IntegrationTests.CompteDeReversementTests" name="Un_compte_corrige_est_lu_immediatement_sans_passer_par_le_cache" />
    </UnitTest>
    <UnitTest name="HBA.Merchants.IntegrationTests.ParcoursKybTests.Un_acheteur_n_entre_pas_dans_la_surface_vendeur" storage="/users/hector/documents/hba/tests/hba.merchants.integrationtests/bin/debug/net9.0/hba.merchants.integrationtests.dll" id="873eb72a-9768-dc78-048d-0b9d4fe6d427">
      <Execution id="5f97a955-e81d-4c0a-98e8-4d3b66384513" />
      <TestMethod codeBase="/Users/hector/Documents/HBA/tests/HBA.Merchants.IntegrationTests/bin/Debug/net9.0/HBA.Merchants.IntegrationTests.dll" adapterTypeName="executor://xunit/VsTestRunner2/netcoreapp" className="HBA.Merchants.IntegrationTests.ParcoursKybTests" name="Un_acheteur_n_entre_pas_dans_la_surface_vendeur" />
    </UnitTest>
    <UnitTest name="HBA.Merchants.IntegrationTests.CompteDeReversementTests.Un_vendeur_sans_compte_declare_n_est_pas_un_vendeur_inconnu" storage="/users/hector/documents/hba/tests/hba.merchants.integrationtests/bin/debug/net9.0/hba.merchants.integrationtests.dll" id="0dbf03f1-9feb-2ff1-f939-20d4af3270c3">
      <Execution id="b519d7b3-6bc7-4b37-81a1-0e8c82193f3f" />
      <TestMethod codeBase="/Users/hector/Documents/HBA/tests/HBA.Merchants.IntegrationTests/bin/Debug/net9.0/HBA.Merchants.IntegrationTests.dll" adapterTypeName="executor://xunit/VsTestRunner2/netcoreapp" className="HBA.Merchants.IntegrationTests.CompteDeReversementTests" name="Un_vendeur_sans_compte_declare_n_est_pas_un_vendeur_inconnu" />
    </UnitTest>
    <UnitTest name="HBA.Merchants.IntegrationTests.CompteDeReversementTests.Une_authentification_trop_ancienne_ne_repointe_pas_le_compte_de_versement" storage="/users/hector/documents/hba/tests/hba.merchants.integrationtests/bin/debug/net9.0/hba.merchants.integrationtests.dll" id="79256202-6412-493b-4b20-68731fc15783">
      <Execution id="42b52f85-d9a4-4e03-bb40-33817253c264" />
      <TestMethod codeBase="/Users/hector/Documents/HBA/tests/HBA.Merchants.IntegrationTests/bin/Debug/net9.0/HBA.Merchants.IntegrationTests.dll" adapterTypeName="executor://xunit/VsTestRunner2/netcoreapp" className="HBA.Merchants.IntegrationTests.CompteDeReversementTests" name="Une_authentification_trop_ancienne_ne_repointe_pas_le_compte_de_versement" />
    </UnitTest>
  </TestDefinitions>
  <TestEntries>
    <TestEntry testId="f5fe1066-cc83-047d-67a7-a0b1066969ee" executionId="2e9bfffb-973f-4eca-afc2-52c31019ff42" testListId="8c84fa94-04c1-424b-9868-57a2d4851a1d" />
    <TestEntry testId="a028496f-9d07-00b7-4291-c616bf5383f7" executionId="a519f924-ee46-44e0-830a-0f23f6356b6c" testListId="8c84fa94-04c1-424b-9868-57a2d4851a1d" />
    <TestEntry testId="8170816b-3117-0307-8af5-745020de4d35" executionId="d2581330-638e-4d45-87b3-3a40cb40c698" testListId="8c84fa94-04c1-424b-9868-57a2d4851a1d" />
    <TestEntry testId="108591a4-db57-af6f-30db-79a68abb35af" executionId="846e4fca-4525-49c1-a39e-31ef1e0264a2" testListId="8c84fa94-04c1-424b-9868-57a2d4851a1d" />
    <TestEntry testId="ea2e8304-98c9-8c98-a936-0a4394985c1c" executionId="5ae57014-9a3f-462c-870a-3c26cc73e34e" testListId="8c84fa94-04c1-424b-9868-57a2d4851a1d" />
    <TestEntry testId="dcb38a20-8aff-ed7c-efc5-8d24dae5eee5" executionId="51e08985-1b5c-4332-95e7-a12387665f92" testListId="8c84fa94-04c1-424b-9868-57a2d4851a1d" />
    <TestEntry testId="90d887fc-09e7-dc63-ddde-a0896a344fc8" executionId="b8e9376e-7df3-4188-abc7-c6f05f60fa1e" testListId="8c84fa94-04c1-424b-9868-57a2d4851a1d" />
    <TestEntry testId="b28baf2c-187a-03ff-6fc2-969a50926c20" executionId="9daaccc5-aa18-47a6-8da2-2d37616ca6b3" testListId="8c84fa94-04c1-424b-9868-57a2d4851a1d" />
    <TestEntry testId="2f44f1f2-1087-868e-99c1-f735c2d0049e" executionId="29cd9b31-9738-4715-97fb-e3906c20b4e8" testListId="8c84fa94-04c1-424b-9868-57a2d4851a1d" />
    <TestEntry testId="db1fb701-7b73-7bf6-dc97-cd669ec66ccf" executionId="b9d99bc0-11ab-43d7-bb8c-fd4680209fbe" testListId="8c84fa94-04c1-424b-9868-57a2d4851a1d" />
    <TestEntry testId="c4fd80f9-6edd-da8b-4b25-b1ef7c17820d" executionId="8dfb7b72-b7f3-4329-ba19-9097f74e1b90" testListId="8c84fa94-04c1-424b-9868-57a2d4851a1d" />
    <TestEntry testId="e096a296-ef8a-c30a-7478-9559aaa29cda" executionId="db9cfcb5-f565-4da6-9a02-9dbf7580fa40" testListId="8c84fa94-04c1-424b-9868-57a2d4851a1d" />
    <TestEntry testId="314c6776-556c-588d-c661-242604d93c74" executionId="59c86295-6e2b-4605-9d48-3886b4693153" testListId="8c84fa94-04c1-424b-9868-57a2d4851a1d" />
    <TestEntry testId="f0fb0965-eddc-88ea-a296-24afa4140bb3" executionId="937bcdc8-d615-4e4c-9286-2087609bcbe5" testListId="8c84fa94-04c1-424b-9868-57a2d4851a1d" />
    <TestEntry testId="cc804d98-eae9-bf02-93a4-1b4cd69dc0a6" executionId="e02b097b-c668-4328-84e2-64bdd211cf49" testListId="8c84fa94-04c1-424b-9868-57a2d4851a1d" />
    <TestEntry testId="275e7780-9bd8-3e7c-cb06-c78f21119f4c" executionId="e01668c4-87c7-418a-9283-d8ce492bcd5e" testListId="8c84fa94-04c1-424b-9868-57a2d4851a1d" />
    <TestEntry testId="bb24c440-dc4f-e13d-512f-07995da71f74" executionId="45f12687-a7f3-4584-ad0f-de65ed61b215" testListId="8c84fa94-04c1-424b-9868-57a2d4851a1d" />
    <TestEntry testId="2fe85e0e-dc41-44f7-e87c-20761af733c5" executionId="fb9f9e48-059d-4b31-8102-9fdc3c8ca172" testListId="8c84fa94-04c1-424b-9868-57a2d4851a1d" />
    <TestEntry testId="ecdeee3d-48d0-fc68-b269-5a2dc2823060" executionId="78747763-7459-4bad-9bb7-5cf763a868d1" testListId="8c84fa94-04c1-424b-9868-57a2d4851a1d" />
    <TestEntry testId="dfb01841-a1ea-2517-2d56-71845e046852" executionId="0c1fdb9f-6e4b-497e-ac82-e1db637f8dd5" testListId="8c84fa94-04c1-424b-9868-57a2d4851a1d" />
    <TestEntry testId="3474a44c-c204-9599-fa13-5b563af85586" executionId="0935a872-8a02-4263-9308-f92fab380eaa" testListId="8c84fa94-04c1-424b-9868-57a2d4851a1d" />
    <TestEntry testId="36bc3aef-f0be-9e5b-1e3e-250f8b04b541" executionId="dad4b54e-34c6-4d22-bd5c-49d4bd68f83b" testListId="8c84fa94-04c1-424b-9868-57a2d4851a1d" />
    <TestEntry testId="584c0f70-c6d4-824f-83f4-30ed832c8a66" executionId="07df5ad8-6600-49ad-8a69-5c932d62b3f9" testListId="8c84fa94-04c1-424b-9868-57a2d4851a1d" />
    <TestEntry testId="fd773216-e4cb-4446-de5f-5bb8c373ff02" executionId="c0c29e67-9724-41cf-ae38-2196c3db54ec" testListId="8c84fa94-04c1-424b-9868-57a2d4851a1d" />
    <TestEntry testId="6dd51e19-2717-2cd6-9211-13bfb734d7b1" executionId="05d60d40-1b23-4962-bdd9-3d2d3f1be04f" testListId="8c84fa94-04c1-424b-9868-57a2d4851a1d" />
    <TestEntry testId="79256202-6412-493b-4b20-68731fc15783" executionId="42b52f85-d9a4-4e03-bb40-33817253c264" testListId="8c84fa94-04c1-424b-9868-57a2d4851a1d" />
    <TestEntry testId="1b551561-4e75-aeb6-94fa-e42cdd0750a9" executionId="54262f33-7c5d-4caf-afcc-f8670fee94b4" testListId="8c84fa94-04c1-424b-9868-57a2d4851a1d" />
    <TestEntry testId="d497fad1-4beb-4347-0fdd-60ca1c7ee561" executionId="e035a2ee-06ce-477d-9e97-9273065dd8cd" testListId="8c84fa94-04c1-424b-9868-57a2d4851a1d" />
    <TestEntry testId="9f300e3c-9a89-6d18-56ce-47476f93d992" executionId="fb09e24f-ef66-4329-8996-1f6a8cd82c14" testListId="8c84fa94-04c1-424b-9868-57a2d4851a1d" />
    <TestEntry testId="145bcc28-2019-97b4-f5b1-5a867481ae16" executionId="45bf72fa-e146-4df1-bf01-bc0cfd01e764" testListId="8c84fa94-04c1-424b-9868-57a2d4851a1d" />
    <TestEntry testId="0dbf03f1-9feb-2ff1-f939-20d4af3270c3" executionId="b519d7b3-6bc7-4b37-81a1-0e8c82193f3f" testListId="8c84fa94-04c1-424b-9868-57a2d4851a1d" />
    <TestEntry testId="4840e5ae-3c94-2fd7-4c35-0401939412aa" executionId="200332bc-9533-4826-b6ae-473338f18bc5" testListId="8c84fa94-04c1-424b-9868-57a2d4851a1d" />
    <TestEntry testId="9828541e-67b0-e374-e028-2851a5b3ea76" executionId="865c891d-73b1-4aca-b19c-97f758223a5d" testListId="8c84fa94-04c1-424b-9868-57a2d4851a1d" />
    <TestEntry testId="873eb72a-9768-dc78-048d-0b9d4fe6d427" executionId="5f97a955-e81d-4c0a-98e8-4d3b66384513" testListId="8c84fa94-04c1-424b-9868-57a2d4851a1d" />
    <TestEntry testId="d2a0ddc5-4eb1-23e7-76fd-7b5c45570ace" executionId="51c975ff-a6fd-4fb3-b5eb-998c75a44be9" testListId="8c84fa94-04c1-424b-9868-57a2d4851a1d" />
    <TestEntry testId="aa48c515-8976-b5ad-e94c-8fb720b1a231" executionId="5642624b-ccd0-4712-a88f-f135294c1a03" testListId="8c84fa94-04c1-424b-9868-57a2d4851a1d" />
    <TestEntry testId="9cf17760-b3b7-5a89-1d7d-3eca9c5ee3c7" executionId="7a19df02-d453-4d85-a2be-a74256caecf2" testListId="8c84fa94-04c1-424b-9868-57a2d4851a1d" />
    <TestEntry testId="e1a668ad-00ba-8022-312e-70b82b14a891" executionId="85ab4bcd-1525-42e5-b1fe-780d801542d6" testListId="8c84fa94-04c1-424b-9868-57a2d4851a1d" />
  </TestEntries>
  <TestLists>
    <TestList name="Les résultats ne figurent pas dans une liste" id="8c84fa94-04c1-424b-9868-57a2d4851a1d" />
    <TestList name="Tous les résultats chargés" id="19431567-8539-422a-85d7-44ee4e166bda" />
  </TestLists>
  <ResultSummary outcome="Completed">
    <Counters total="38" executed="38" passed="38" failed="0" error="0" timeout="0" aborted="0" inconclusive="0" passedButRunAborted="0" notRunnable="0" notExecuted="0" disconnected="0" warning="0" completed="0" inProgress="0" pending="0" />
    <Output>
      <StdOut>[xUnit.net 00:00:00.00] xUnit.net VSTest Adapter v2.8.2+699d445a1a (64-bit .NET 9.0.17)
[xUnit.net 00:00:00.04]   Discovering: HBA.Merchants.IntegrationTests
[xUnit.net 00:00:00.05]   Discovered:  HBA.Merchants.IntegrationTests
[xUnit.net 00:00:00.06]   Starting:    HBA.Merchants.IntegrationTests
[testcontainers.org 00:00:00.05] Connected to Docker:
  Host: unix:///Users/hector/.orbstack/run/docker.sock
  Server Version: 29.4.0
  Kernel Version: 7.0.14-orbstack-00380-ga7e0a2dc9535
  API Version: 1.54
  Operating System: OrbStack
  Total Memory: 8.79 GB
[testcontainers.org 00:00:00.21] Docker container b4ed1d4cce79 created
[testcontainers.org 00:00:00.23] Start Docker container b4ed1d4cce79
[testcontainers.org 00:00:00.32] Wait for Docker container b4ed1d4cce79 to complete readiness checks
[testcontainers.org 00:00:00.33] Docker container b4ed1d4cce79 ready
[testcontainers.org 00:00:00.46] Docker container 7b30b1d81fc9 created
[testcontainers.org 00:00:00.47] Start Docker container 7b30b1d81fc9
[testcontainers.org 00:00:00.47] Docker container 065a5164d5f0 created
[testcontainers.org 00:00:00.48] Start Docker container 065a5164d5f0
[testcontainers.org 00:00:00.57] Wait for Docker container 065a5164d5f0 to complete readiness checks
[testcontainers.org 00:00:00.58] Execute "pg_isready --host localhost --dbname hba_sellers --username hba" at Docker container 065a5164d5f0
[testcontainers.org 00:00:00.59] Add file to tar archive: Content length: 391 byte(s), Target file: "/testcontainers.sh"
[testcontainers.org 00:00:00.59] Copy tar archive to container: Content length: 391 byte(s), Docker container: 7b30b1d81fc9
[testcontainers.org 00:00:00.59] Wait for Docker container 7b30b1d81fc9 to complete readiness checks
[testcontainers.org 00:00:01.62] Execute "pg_isready --host localhost --dbname hba_sellers --username hba" at Docker container 065a5164d5f0
[testcontainers.org 00:00:02.64] Execute "pg_isready --host localhost --dbname hba_sellers --username hba" at Docker container 065a5164d5f0
[testcontainers.org 00:00:02.67] Docker container 065a5164d5f0 ready
[testcontainers.org 00:00:03.64] Docker container 7b30b1d81fc9 ready
[HBA] Redis absent — cache EN MÉMOIRE, par instance. Toute invalidation ne touchera que le processus qui l'a déclenchée : les autres répliques serviront des valeurs périmées jusqu'au TTL. Renseignez « Redis:ConnectionString » hors développement.
info: HBA.Merchants.Api[0]
      Documentation OpenAPI de seller-service servie sur /docs.
info: Microsoft.EntityFrameworkCore.Database.Command[20101]
      Executed DbCommand (24ms) [Parameters=[], CommandType='Text', CommandTimeout='30']
      SELECT EXISTS (
          SELECT 1 FROM pg_catalog.pg_class c
          JOIN pg_catalog.pg_namespace n ON n.oid=c.relnamespace
          WHERE n.nspname='sellers' AND
                c.relname='__ef_migrations_history'
      )
info: HBA.Database[0]
      Application de 17 migration(s) sur SellersDbContext : 20250603000000_InitialSellers, 20260714152717_AddOutboxRetryTracking, 20260718101830_AddSellerMetadata, 20260805091500_BeninSellerCommune, 20260811225036_AddKybRejectionReason, 20260812000000_TableDesBoutiques, 20260813000000_RepriseStoresFromSellers, 20260815000000_RepriseKybVersMedia, 20260818183427_SyncModel20260818183425, 20260818192153_SyncModel20260818192151, 20260818204451_AddConsumerInboxIdempotencyKeys, 20260819120000_TableDesMembresVendeur, 20260819130000_TableDesInvitations, 20260819160000_JournalDAudit, 20260823000000_AjoutTraceParentOutbox, 20260826000000_AjoutCorrelationOutbox, 20260831215640_DeriveModeleMembres
info: Microsoft.EntityFrameworkCore.Database.Command[20101]
      Executed DbCommand (4ms) [Parameters=[], CommandType='Text', CommandTimeout='30']
      SELECT EXISTS (
          SELECT 1 FROM pg_catalog.pg_class c
          JOIN pg_catalog.pg_namespace n ON n.oid=c.relnamespace
          WHERE n.nspname='sellers' AND
                c.relname='__ef_migrations_history'
      )
info: Microsoft.EntityFrameworkCore.Database.Command[20101]
      Executed DbCommand (1ms) [Parameters=[], CommandType='Text', CommandTimeout='30']
      SELECT EXISTS (
          SELECT 1 FROM pg_catalog.pg_class c
          JOIN pg_catalog.pg_namespace n ON n.oid=c.relnamespace
          WHERE n.nspname='sellers' AND
                c.relname='__ef_migrations_history'
      )
info: Microsoft.EntityFrameworkCore.Database.Command[20101]
      Executed DbCommand (9ms) [Parameters=[], CommandType='Text', CommandTimeout='30']
      DO $EF$
      BEGIN
          IF NOT EXISTS(SELECT 1 FROM pg_namespace WHERE nspname = 'sellers') THEN
              CREATE SCHEMA sellers;
          END IF;
      END $EF$;
      CREATE TABLE sellers.__ef_migrations_history (
          "MigrationId" character varying(150) NOT NULL,
          "ProductVersion" character varying(32) NOT NULL,
          CONSTRAINT "PK___ef_migrations_history" PRIMARY KEY ("MigrationId")
      );
info: Microsoft.EntityFrameworkCore.Database.Command[20101]
      Executed DbCommand (3ms) [Parameters=[], CommandType='Text', CommandTimeout='30']
      SELECT EXISTS (
          SELECT 1 FROM pg_catalog.pg_class c
          JOIN pg_catalog.pg_namespace n ON n.oid=c.relnamespace
          WHERE n.nspname='sellers' AND
                c.relname='__ef_migrations_history'
      )
info: Microsoft.EntityFrameworkCore.Database.Command[20101]
      Executed DbCommand (2ms) [Parameters=[], CommandType='Text', CommandTimeout='30']
      SELECT "MigrationId", "ProductVersion"
      FROM sellers.__ef_migrations_history
      ORDER BY "MigrationId";
info: Microsoft.EntityFrameworkCore.Migrations[20402]
      Applying migration '20250603000000_InitialSellers'.
info: Microsoft.EntityFrameworkCore.Database.Command[20101]
      Executed DbCommand (1ms) [Parameters=[], CommandType='Text', CommandTimeout='30']
      DO $EF$
      BEGIN
          IF NOT EXISTS(SELECT 1 FROM pg_namespace WHERE nspname = 'sellers') THEN
              CREATE SCHEMA sellers;
          END IF;
      END $EF$;
info: Microsoft.EntityFrameworkCore.Database.Command[20101]
      Executed DbCommand (4ms) [Parameters=[], CommandType='Text', CommandTimeout='30']
      CREATE TABLE sellers.outbox_messages (
          "Id" uuid NOT NULL,
          "Type" character varying(500) NOT NULL,
          "Content" jsonb NOT NULL,
          "OccurredOnUtc" timestamp with time zone NOT NULL,
          "ProcessedOnUtc" timestamp with time zone,
          "Error" text,
          CONSTRAINT "PK_outbox_messages" PRIMARY KEY ("Id")
      );
info: Microsoft.EntityFrameworkCore.Database.Command[20101]
      Executed DbCommand (2ms) [Parameters=[], CommandType='Text', CommandTimeout='30']
      CREATE TABLE sellers.sellers (
          "Id" uuid NOT NULL,
          "UserId" uuid NOT NULL,
          "ShopName" character varying(150) NOT NULL,
          "LogoUrl" character varying(2000),
          "Description" character varying(4000),
          "Status" character varying(20) NOT NULL,
          "KybStatus" character varying(20) NOT NULL,
          "CommissionRate" numeric(5,4) NOT NULL,
          "Rating" numeric(3,2) NOT NULL,
          "SalesCount" integer NOT NULL,
          "CreatedOnUtc" timestamp with time zone NOT NULL,
          payout_account jsonb,
          CONSTRAINT "PK_sellers" PRIMARY KEY ("Id")
      );
info: Microsoft.EntityFrameworkCore.Database.Command[20101]
      Executed DbCommand (3ms) [Parameters=[], CommandType='Text', CommandTimeout='30']
      CREATE TABLE sellers.kyb_documents (
          "Id" uuid NOT NULL,
          "Type" character varying(30) NOT NULL,
          "FileUrl" character varying(2000) NOT NULL,
          "UploadedOnUtc" timestamp with time zone NOT NULL,
          "VerifiedAtUtc" timestamp with time zone,
          "SellerId" uuid NOT NULL,
          CONSTRAINT "PK_kyb_documents" PRIMARY KEY ("Id"),
          CONSTRAINT "FK_kyb_documents_sellers_SellerId" FOREIGN KEY ("SellerId") REFERENCES sellers.sellers ("Id") ON DELETE CASCADE
      );
info: Microsoft.EntityFrameworkCore.Database.Command[20101]
      Executed DbCommand (1ms) [Parameters=[], CommandType='Text', CommandTimeout='30']
      CREATE INDEX "IX_outbox_messages_ProcessedOnUtc" ON sellers.outbox_messages ("ProcessedOnUtc");
info: Microsoft.EntityFrameworkCore.Database.Command[20101]
      Executed DbCommand (1ms) [Parameters=[], CommandType='Text', CommandTimeout='30']
      CREATE INDEX "IX_kyb_documents_SellerId" ON sellers.kyb_documents ("SellerId");
info: Microsoft.EntityFrameworkCore.Database.Command[20101]
      Executed DbCommand (1ms) [Parameters=[], CommandType='Text', CommandTimeout='30']
      CREATE UNIQUE INDEX "IX_sellers_ShopName" ON sellers.sellers ("ShopName");
info: Microsoft.EntityFrameworkCore.Database.Command[20101]
      Executed DbCommand (1ms) [Parameters=[], CommandType='Text', CommandTimeout='30']
      CREATE UNIQUE INDEX "IX_sellers_UserId" ON sellers.sellers ("UserId");
info: Microsoft.EntityFrameworkCore.Database.Command[20101]
      Executed DbCommand (0ms) [Parameters=[], CommandType='Text', CommandTimeout='30']
      INSERT INTO sellers.__ef_migrations_history ("MigrationId", "ProductVersion")
      VALUES ('20250603000000_InitialSellers', '8.0.8');
info: Microsoft.EntityFrameworkCore.Migrations[20402]
      Applying migration '20260714152717_AddOutboxRetryTracking'.
info: Microsoft.EntityFrameworkCore.Database.Command[20101]
      Executed DbCommand (2ms) [Parameters=[], CommandType='Text', CommandTimeout='30']
      DROP INDEX sellers."IX_outbox_messages_ProcessedOnUtc";
info: Microsoft.EntityFrameworkCore.Database.Command[20101]
      Executed DbCommand (1ms) [Parameters=[], CommandType='Text', CommandTimeout='30']
      ALTER TABLE sellers.outbox_messages ADD "AttemptCount" integer NOT NULL DEFAULT 0;
info: Microsoft.EntityFrameworkCore.Database.Command[20101]
      Executed DbCommand (0ms) [Parameters=[], CommandType='Text', CommandTimeout='30']
      ALTER TABLE sellers.outbox_messages ADD "DeadLetteredOnUtc" timestamp with time zone;
info: Microsoft.EntityFrameworkCore.Database.Command[20101]
      Executed DbCommand (0ms) [Parameters=[], CommandType='Text', CommandTimeout='30']
      ALTER TABLE sellers.outbox_messages ADD "NextAttemptAtUtc" timestamp with time zone;
info: Microsoft.EntityFrameworkCore.Database.Command[20101]
      Executed DbCommand (1ms) [Parameters=[], CommandType='Text', CommandTimeout='30']
      CREATE INDEX ix_outbox_messages_dead_letters ON sellers.outbox_messages ("DeadLetteredOnUtc") WHERE "DeadLetteredOnUtc" IS NOT NULL;
info: Microsoft.EntityFrameworkCore.Database.Command[20101]
      Executed DbCommand (1ms) [Parameters=[], CommandType='Text', CommandTimeout='30']
      CREATE INDEX ix_outbox_messages_pending ON sellers.outbox_messages ("NextAttemptAtUtc", "OccurredOnUtc") WHERE "ProcessedOnUtc" IS NULL AND "DeadLetteredOnUtc" IS NULL;
info: Microsoft.EntityFrameworkCore.Database.Command[20101]
      Executed DbCommand (0ms) [Parameters=[], CommandType='Text', CommandTimeout='30']
      INSERT INTO sellers.__ef_migrations_history ("MigrationId", "ProductVersion")
      VALUES ('20260714152717_AddOutboxRetryTracking', '8.0.8');
info: Microsoft.EntityFrameworkCore.Migrations[20402]
      Applying migration '20260718101830_AddSellerMetadata'.
info: Microsoft.EntityFrameworkCore.Database.Command[20101]
      Executed DbCommand (1ms) [Parameters=[], CommandType='Text', CommandTimeout='30']
      ALTER TABLE sellers.sellers ADD metadata jsonb;
info: Microsoft.EntityFrameworkCore.Database.Command[20101]
      Executed DbCommand (0ms) [Parameters=[], CommandType='Text', CommandTimeout='30']
      INSERT INTO sellers.__ef_migrations_history ("MigrationId", "ProductVersion")
      VALUES ('20260718101830_AddSellerMetadata', '8.0.8');
info: Microsoft.EntityFrameworkCore.Migrations[20402]
      Applying migration '20260805091500_BeninSellerCommune'.
info: Microsoft.EntityFrameworkCore.Database.Command[20101]
      Executed DbCommand (2ms) [Parameters=[], CommandType='Text', CommandTimeout='30']
                  WITH mapping (normalized, code) AS (
                      VALUES
                          ('abomey', 'abomey'),
                          ('abomey calavi', 'abomey-calavi'),
                          ('adja ouere', 'adja-ouere'),
                          ('adjarra', 'adjarra'),
                          ('adjohoun', 'adjohoun'),
                          ('agbangnizoun', 'agbangnizoun'),
                          ('aguegues', 'aguegues'),
                          ('akpro misserete', 'akpro-misserete'),
                          ('allada', 'allada'),
                          ('aplahoue', 'aplahoue'),
                          ('athieme', 'athieme'),
                          ('avrankou', 'avrankou'),
                          ('banikoara', 'banikoara'),
                          ('bante', 'bante'),
                          ('bassila', 'bassila'),
                          ('bembereke', 'bembereke'),
                          ('bohicon', 'bohicon'),
                          ('bonou', 'bonou'),
                          ('bopa', 'bopa'),
                          ('boukoumbe', 'boukoumbe'),
                          ('calavi', 'abomey-calavi'),
                          ('cobly', 'cobly'),
                          ('come', 'come'),
                          ('copargo', 'copargo'),
                          ('cotonou', 'cotonou'),
                          ('cove', 'cove'),
                          ('dangbo', 'dangbo'),
                          ('dassa zoume', 'dassa-zoume'),
                          ('djakotomey', 'djakotomey'),
                          ('djidja', 'djidja'),
                          ('djougou', 'djougou'),
                          ('dogbo', 'dogbo'),
                          ('dogbo tota', 'dogbo'),
                          ('glazoue', 'glazoue'),
                          ('gogounou', 'gogounou'),
                          ('grand popo', 'grand-popo'),
                          ('houeyogbe', 'houeyogbe'),
                          ('ifangni', 'ifangni'),
                          ('kalale', 'kalale'),
                          ('kandi', 'kandi'),
                          ('karimama', 'karimama'),
                          ('kerou', 'kerou'),
                          ('ketou', 'ketou'),
                          ('klouekanme', 'klouekanme'),
                          ('kouande', 'kouande'),
                          ('kpomasse', 'kpomasse'),
                          ('lalo', 'lalo'),
                          ('lokossa', 'lokossa'),
                          ('malanville', 'malanville'),
                          ('materi', 'materi'),
                          ('n dali', 'n-dali'),
                          ('natitingou', 'natitingou'),
                          ('nikki', 'nikki'),
                          ('ouake', 'ouake'),
                          ('ouassa pehunco', 'ouassa-pehunco'),
                          ('ouesse', 'ouesse'),
                          ('ouidah', 'ouidah'),
                          ('ouinhi', 'ouinhi'),
                          ('parakou', 'parakou'),
                          ('pehunco', 'ouassa-pehunco'),
                          ('perere', 'perere'),
                          ('pobe', 'pobe'),
                          ('porto novo', 'porto-novo'),
                          ('sakete', 'sakete'),
                          ('savalou', 'savalou'),
                          ('save', 'save'),
                          ('segbana', 'segbana'),
                          ('seme kpodji', 'seme-podji'),
                          ('seme podji', 'seme-podji'),
                          ('semekpodji', 'seme-podji'),
                          ('sinende', 'sinende'),
                          ('so ava', 'so-ava'),
                          ('tanguieta', 'tanguieta'),
                          ('tchaourou', 'tchaourou'),
                          ('toffo', 'toffo'),
                          ('tori bossito', 'tori-bossito'),
                          ('toucountouna', 'toucountouna'),
                          ('toviklin', 'toviklin'),
                          ('za kpota', 'za-kpota'),
                          ('zagnanado', 'zagnanado'),
                          ('ze', 'ze'),
                          ('zogbodomey', 'zogbodomey')
                  )
                  UPDATE sellers.sellers AS s
                     SET metadata = (s.metadata - 'city') || jsonb_build_object('commune', m.code)
                    FROM mapping AS m
                   WHERE s.metadata IS NOT NULL
                     AND s.metadata ? 'city'
                     AND btrim(regexp_replace(
                             translate(lower(s.metadata -&gt;&gt; 'city'),
                                       'àáâãäåçèéêëìíîïñòóôõöùúûüýÿÀÁÂÃÄÅÇÈÉÊËÌÍÎÏÑÒÓÔÕÖÙÚÛÜÝ',
                                       'aaaaaaceeeeiiiinooooouuuuyyaaaaaaceeeeiiiinooooouuuuy'),
                             '[^a-z0-9]+', ' ', 'g')) = m.normalized;
info: Microsoft.EntityFrameworkCore.Database.Command[20101]
      Executed DbCommand (0ms) [Parameters=[], CommandType='Text', CommandTimeout='30']
                  UPDATE sellers.sellers
                     SET metadata = metadata - 'city'
                   WHERE metadata IS NOT NULL
                     AND metadata ? 'city';
info: Microsoft.EntityFrameworkCore.Database.Command[20101]
      Executed DbCommand (0ms) [Parameters=[], CommandType='Text', CommandTimeout='30']
      INSERT INTO sellers.__ef_migrations_history ("MigrationId", "ProductVersion")
      VALUES ('20260805091500_BeninSellerCommune', '8.0.8');
info: Microsoft.EntityFrameworkCore.Migrations[20402]
      Applying migration '20260811225036_AddKybRejectionReason'.
info: Microsoft.EntityFrameworkCore.Database.Command[20101]
      Executed DbCommand (1ms) [Parameters=[], CommandType='Text', CommandTimeout='30']
      ALTER TABLE sellers.sellers ADD "KybRejectionReason" character varying(500);
info: Microsoft.EntityFrameworkCore.Database.Command[20101]
      Executed DbCommand (0ms) [Parameters=[], CommandType='Text', CommandTimeout='30']
      INSERT INTO sellers.__ef_migrations_history ("MigrationId", "ProductVersion")
      VALUES ('20260811225036_AddKybRejectionReason', '8.0.8');
info: Microsoft.EntityFrameworkCore.Migrations[20402]
      Applying migration '20260812000000_TableDesBoutiques'.
info: Microsoft.EntityFrameworkCore.Database.Command[20101]
      Executed DbCommand (2ms) [Parameters=[], CommandType='Text', CommandTimeout='30']
      CREATE TABLE sellers.stores (
          "Id" uuid NOT NULL,
          "SellerId" uuid NOT NULL,
          "Name" character varying(150) NOT NULL,
          "LogoUrl" character varying(500),
          "Description" character varying(2000),
          "Status" character varying(20) NOT NULL,
          "StatusReason" character varying(500),
          "FulfillmentLocationId" uuid,
          "ContactPhone" character varying(20) NOT NULL,
          "ContactEmail" character varying(200),
          "CreatedOnUtc" timestamp with time zone NOT NULL,
          "UpdatedOnUtc" timestamp with time zone,
          CONSTRAINT "PK_stores" PRIMARY KEY ("Id")
      );
info: Microsoft.EntityFrameworkCore.Database.Command[20101]
      Executed DbCommand (2ms) [Parameters=[], CommandType='Text', CommandTimeout='30']
      CREATE TABLE sellers.store_opening_hours (
          "Id" integer GENERATED BY DEFAULT AS IDENTITY,
          "StoreId" uuid NOT NULL,
          "Day" character varying(10) NOT NULL,
          "OpensAt" time without time zone NOT NULL,
          "ClosesAt" time without time zone NOT NULL,
          CONSTRAINT "PK_store_opening_hours" PRIMARY KEY ("Id"),
          CONSTRAINT "FK_store_opening_hours_stores_StoreId" FOREIGN KEY ("StoreId") REFERENCES sellers.stores ("Id") ON DELETE CASCADE
      );
info: Microsoft.EntityFrameworkCore.Database.Command[20101]
      Executed DbCommand (1ms) [Parameters=[], CommandType='Text', CommandTimeout='30']
      CREATE INDEX "IX_stores_SellerId" ON sellers.stores ("SellerId");
info: Microsoft.EntityFrameworkCore.Database.Command[20101]
      Executed DbCommand (1ms) [Parameters=[], CommandType='Text', CommandTimeout='30']
      CREATE INDEX "IX_store_opening_hours_StoreId_Day" ON sellers.store_opening_hours ("StoreId", "Day");
info: Microsoft.EntityFrameworkCore.Database.Command[20101]
      Executed DbCommand (0ms) [Parameters=[], CommandType='Text', CommandTimeout='30']
      INSERT INTO sellers.__ef_migrations_history ("MigrationId", "ProductVersion")
      VALUES ('20260812000000_TableDesBoutiques', '8.0.8');
info: Microsoft.EntityFrameworkCore.Migrations[20402]
      Applying migration '20260813000000_RepriseStoresFromSellers'.
info: Microsoft.EntityFrameworkCore.Database.Command[20101]
      Executed DbCommand (3ms) [Parameters=[], CommandType='Text', CommandTimeout='30']
      DO $$
      DECLARE
          deja_repris integer;
      BEGIN
          SELECT count(*) INTO deja_repris
          FROM sellers.stores st
          JOIN sellers.sellers se ON se."Id" = st."Id";
          IF deja_repris &gt; 0 THEN
              RAISE NOTICE 'Reprise des boutiques déjà effectuée (% ligne(s)) — rien à faire.', deja_repris;
              RETURN;
          END IF;
          -- Le TÉLÉPHONE, par ordre de fiabilité décroissante :
          --
          --   1. celui du LIEU D'EXPÉDITION du vendeur — obligatoire à la
          --      saisie depuis la refonte des adresses, et c'est celui
          --      qu'appelle un livreur devant la porte ;
          --   2. à défaut, celui déclaré dans la fiche société (KYB) —
          --      c'est le numéro du gérant, moins utile mais réel ;
          --   3. à défaut, une chaîne vide.
          --
          -- LA CHAÎNE VIDE N'EST PAS UN REPLI COMMODE : elle rend la
          -- boutique inouvrable telle quelle, ce qui est exactement le
          -- comportement voulu. Le vendeur devra saisir un numéro. Écrire
          -- un faux numéro plausible, lui, aurait envoyé un livreur nulle
          -- part sans que personne ne s'en aperçoive.
          -- EN MICROSERVICES, CETTE BRANCHE EST MORTE — ET LA GARDE
          --    NOUS SAUVE.
          --
          -- Écrite pour le monolithe, où les vingt-neuf schémas
          -- partageaient UNE base : `inventory.fulfillment_locations`
          -- était atteignable, simplement pas toujours déjà migrée.
          --
          -- Depuis le découpage, merchant-service écrit dans
          -- `hba_merchant` et inventory-service dans `hba_inventory`.
          -- PostgreSQL n'interroge pas une autre base : `to_regclass`
          -- rendra TOUJOURS NULL ici, et c'est la branche ELSE qui
          -- s'exécute. Sans cette garde, écrite pour une autre raison,
          -- la reprise échouerait à chaque installation.
          --
          -- Rattacher les lieux se fera par appel gRPC, pas par SQL.
          --
          -- PL/pgSQL ne prépare une requête qu'à sa première exécution :
          -- la branche non prise n'est jamais analysée, donc jamais
          -- rejetée pour une table absente.
          IF to_regclass('inventory.fulfillment_locations') IS NOT NULL THEN
              INSERT INTO sellers.stores (
                  "Id", "SellerId", "Name", "LogoUrl", "Description",
                  "Status", "StatusReason", "FulfillmentLocationId",
                  "ContactPhone", "ContactEmail",
                  "CreatedOnUtc", "UpdatedOnUtc")
              SELECT
                  se."Id",
                  se."Id",
                  se."ShopName",
                  se."LogoUrl",
                  se."Description",
                  -- Ouverte SI et SEULEMENT SI elle remplit déjà les
                  -- conditions du domaine. Toute autre combinaison
                  -- resterait invendable, et mieux vaut le dire par un
                  -- « Draft » explicite que par une erreur à la
                  -- première offre.
                  CASE
                      WHEN se."Status" = 'Active'
                           AND loc."Id" IS NOT NULL
                           AND COALESCE(loc."address_contact_phone", '') &lt;&gt; ''
                      THEN 'Open'
                      ELSE 'Draft'
                  END,
                  NULL,
                  loc."Id",
                  COALESCE(
[...]
      FROM sellers.seller_members AS s
      WHERE s."SellerId" = @__sellerId_0 AND s."UserId" = @__userId_1
      ORDER BY s."Id"
      LIMIT 1
info: Microsoft.EntityFrameworkCore.Database.Command[20101]
      Executed DbCommand (1ms) [Parameters=[@__sellerId_0='?' (DbType = Guid), @__userId_1='?' (DbType = Guid)], CommandType='Text', CommandTimeout='30']
      SELECT s0."SellerMemberId", s0."SellerRoleId", t."Id"
      FROM (
          SELECT s."Id"
          FROM sellers.seller_members AS s
          WHERE s."SellerId" = @__sellerId_0 AND s."UserId" = @__userId_1
          LIMIT 1
      ) AS t
      INNER JOIN sellers.seller_member_roles AS s0 ON t."Id" = s0."SellerMemberId"
      ORDER BY t."Id"
info: Microsoft.EntityFrameworkCore.Database.Command[20101]
      Executed DbCommand (1ms) [Parameters=[@__sellerId_0='?' (DbType = Guid), @__userId_1='?' (DbType = Guid)], CommandType='Text', CommandTimeout='30']
      SELECT s0."Id", s0."CreatedOnUtc", s0."Enforcement", s0."SellerMemberId", s0."Status", s0."StoreId", s0."UpdatedOnUtc", t."Id"
      FROM (
          SELECT s."Id"
          FROM sellers.seller_members AS s
          WHERE s."SellerId" = @__sellerId_0 AND s."UserId" = @__userId_1
          LIMIT 1
      ) AS t
      INNER JOIN sellers.store_memberships AS s0 ON t."Id" = s0."SellerMemberId"
      ORDER BY t."Id", s0."Id"
info: Microsoft.EntityFrameworkCore.Database.Command[20101]
      Executed DbCommand (1ms) [Parameters=[@__cles_0='?' (DbType = Object)], CommandType='Text', CommandTimeout='30']
      SELECT s."Id", s."CreatedOnUtc", s."Description", s."IsSystemRole", s."Name", s."Scope", s."SellerId", s."UpdatedOnUtc", s.xmin, r."SellerRoleId", r."Permission"
      FROM sellers.seller_roles AS s
      LEFT JOIN sellers.role_permissions AS r ON s."Id" = r."SellerRoleId"
      WHERE s."Id" = ANY (@__cles_0)
      ORDER BY s."Id", r."SellerRoleId"
info: HBA.Shared.Application.Behaviors.LoggingBehavior[0]
      Traitement de AddKybDocumentCommand
info: Microsoft.EntityFrameworkCore.Database.Command[20101]
      Executed DbCommand (2ms) [Parameters=[@__id_0='?' (DbType = Guid)], CommandType='Text', CommandTimeout='30']
      SELECT t."Id", t."CommissionRate", t."CreatedOnUtc", t."Description", t."KybRejectionReason", t."KybStatus", t."LogoUrl", t.metadata, t.payout_account, t."Rating", t."SalesCount", t."ShopName", t."Status", t."SuspendedFromStatus", t."UserId", k."Id", k."LegacyFileUrl", k."MediaId", k."SellerId", k."Type", k."UploadedOnUtc", k."VerifiedAtUtc"
      FROM (
          SELECT s."Id", s."CommissionRate", s."CreatedOnUtc", s."Description", s."KybRejectionReason", s."KybStatus", s."LogoUrl", s.metadata, s.payout_account, s."Rating", s."SalesCount", s."ShopName", s."Status", s."SuspendedFromStatus", s."UserId"
          FROM sellers.sellers AS s
          WHERE s."Id" = @__id_0
          LIMIT 1
      ) AS t
      LEFT JOIN sellers.kyb_documents AS k ON t."Id" = k."SellerId"
      ORDER BY t."Id"
info: Microsoft.EntityFrameworkCore.Database.Command[20101]
      Executed DbCommand (1ms) [Parameters=[], CommandType='Text', CommandTimeout='30']
      SELECT DISTINCT s."UserId"
      FROM sellers.seller_members AS s
      WHERE s."SellerId" = 'ba7b1281-98bd-4710-893a-d9f6a255b494'
info: Microsoft.EntityFrameworkCore.Database.Command[20101]
      Executed DbCommand (1ms) [Parameters=[@p0='?', @p1='?' (DbType = Guid), @p2='?', @p3='?', @p4='?', @p5='?' (DbType = DateTime), @p6='?' (DbType = Int32), @p7='?', @p8='?' (DbType = Guid), @p9='?', @p10='?', @p11='?', @p12='?' (DbType = DateTime), @p13='?' (DbType = Int32), @p14='?' (DbType = Guid), @p15='?', @p16='?' (DbType = Guid), @p17='?' (DbType = Guid), @p18='?', @p19='?' (DbType = DateTime), @p20='?' (DbType = DateTime), @p21='?' (DbType = Guid), @p22='?' (DbType = Object), @p23='?', @p24='?' (DbType = DateTime), @p25='?', @p26='?' (DbType = DateTime), @p27='?' (DbType = DateTime), @p28='?' (DbType = DateTime), @p29='?', @p30='?', @p32='?' (DbType = Guid), @p31='?'], CommandType='Text', CommandTimeout='30']
      INSERT INTO sellers.audit_entries ("ActorType", "ActorUserId", "CorrelationId", "EntityId", "EntityType", "OccurredOnUtc", "Operation")
      VALUES (@p0, @p1, @p2, @p3, @p4, @p5, @p6)
      RETURNING "Id";
      INSERT INTO sellers.audit_entries ("ActorType", "ActorUserId", "CorrelationId", "EntityId", "EntityType", "OccurredOnUtc", "Operation")
      VALUES (@p7, @p8, @p9, @p10, @p11, @p12, @p13)
      RETURNING "Id";
      INSERT INTO sellers.kyb_documents ("Id", "LegacyFileUrl", "MediaId", "SellerId", "Type", "UploadedOnUtc", "VerifiedAtUtc")
      VALUES (@p14, @p15, @p16, @p17, @p18, @p19, @p20);
      INSERT INTO sellers.outbox_messages ("Id", "Content", "CorrelationId", "DeadLetteredOnUtc", "Error", "NextAttemptAtUtc", "OccurredOnUtc", "ProcessedOnUtc", "TraceParent", "Type")
      VALUES (@p21, @p22, @p23, @p24, @p25, @p26, @p27, @p28, @p29, @p30)
      RETURNING "AttemptCount";
      UPDATE sellers.sellers SET "KybStatus" = @p31
      WHERE "Id" = @p32;
info: HBA.Shared.Application.Behaviors.LoggingBehavior[0]
      AddKybDocumentCommand traité en 9 ms
info: Microsoft.AspNetCore.Http.Result.CreatedResult[1]
      Setting HTTP status code 201.
info: Microsoft.AspNetCore.Http.Result.CreatedResult[3]
      Writing value of type 'ApiEnvelope`1' as Json.
info: Microsoft.AspNetCore.Routing.EndpointMiddleware[1]
      Executed endpoint 'HTTP: POST /api/v1/merchants/{sellerId:guid}/kyb/documents =&gt; AddKybDocumentAsync'
info: Microsoft.AspNetCore.Hosting.Diagnostics[2]
      Request finished HTTP/1.1 POST http://localhost/api/v1/merchants/ba7b1281-98bd-4710-893a-d9f6a255b494/kyb/documents - 201 - application/json;+charset=utf-8 14.9032ms
info: Microsoft.AspNetCore.Hosting.Diagnostics[1]
      Request starting HTTP/1.1 POST http://localhost/api/v1/merchants/ba7b1281-98bd-4710-893a-d9f6a255b494/kyb/documents - application/json;+charset=utf-8 76
info: Microsoft.AspNetCore.Routing.EndpointMiddleware[0]
      Executing endpoint 'HTTP: POST /api/v1/merchants/{sellerId:guid}/kyb/documents =&gt; AddKybDocumentAsync'
info: Microsoft.EntityFrameworkCore.Database.Command[20101]
      Executed DbCommand (1ms) [Parameters=[@__sellerId_0='?' (DbType = Guid), @__userId_1='?' (DbType = Guid)], CommandType='Text', CommandTimeout='30']
      SELECT s."Id", s."CreatedOnUtc", s."DisplayName", s."InvitedByUserId", s."JobTitle", s."JoinedOnUtc", s."SellerId", s."Status", s."UpdatedOnUtc", s."UserId", s.xmin
      FROM sellers.seller_members AS s
      WHERE s."SellerId" = @__sellerId_0 AND s."UserId" = @__userId_1
      ORDER BY s."Id"
      LIMIT 1
info: Microsoft.EntityFrameworkCore.Database.Command[20101]
      Executed DbCommand (1ms) [Parameters=[@__sellerId_0='?' (DbType = Guid), @__userId_1='?' (DbType = Guid)], CommandType='Text', CommandTimeout='30']
      SELECT s0."SellerMemberId", s0."SellerRoleId", t."Id"
      FROM (
          SELECT s."Id"
          FROM sellers.seller_members AS s
          WHERE s."SellerId" = @__sellerId_0 AND s."UserId" = @__userId_1
          LIMIT 1
      ) AS t
      INNER JOIN sellers.seller_member_roles AS s0 ON t."Id" = s0."SellerMemberId"
      ORDER BY t."Id"
info: Microsoft.EntityFrameworkCore.Database.Command[20101]
      Executed DbCommand (1ms) [Parameters=[@__sellerId_0='?' (DbType = Guid), @__userId_1='?' (DbType = Guid)], CommandType='Text', CommandTimeout='30']
      SELECT s0."Id", s0."CreatedOnUtc", s0."Enforcement", s0."SellerMemberId", s0."Status", s0."StoreId", s0."UpdatedOnUtc", t."Id"
      FROM (
          SELECT s."Id"
          FROM sellers.seller_members AS s
          WHERE s."SellerId" = @__sellerId_0 AND s."UserId" = @__userId_1
          LIMIT 1
      ) AS t
      INNER JOIN sellers.store_memberships AS s0 ON t."Id" = s0."SellerMemberId"
      ORDER BY t."Id", s0."Id"
info: Microsoft.EntityFrameworkCore.Database.Command[20101]
      Executed DbCommand (1ms) [Parameters=[@__cles_0='?' (DbType = Object)], CommandType='Text', CommandTimeout='30']
      SELECT s."Id", s."CreatedOnUtc", s."Description", s."IsSystemRole", s."Name", s."Scope", s."SellerId", s."UpdatedOnUtc", s.xmin, r."SellerRoleId", r."Permission"
      FROM sellers.seller_roles AS s
      LEFT JOIN sellers.role_permissions AS r ON s."Id" = r."SellerRoleId"
      WHERE s."Id" = ANY (@__cles_0)
      ORDER BY s."Id", r."SellerRoleId"
info: HBA.Shared.Application.Behaviors.LoggingBehavior[0]
      Traitement de AddKybDocumentCommand
info: Microsoft.EntityFrameworkCore.Database.Command[20101]
      Executed DbCommand (0ms) [Parameters=[@__id_0='?' (DbType = Guid)], CommandType='Text', CommandTimeout='30']
      SELECT t."Id", t."CommissionRate", t."CreatedOnUtc", t."Description", t."KybRejectionReason", t."KybStatus", t."LogoUrl", t.metadata, t.payout_account, t."Rating", t."SalesCount", t."ShopName", t."Status", t."SuspendedFromStatus", t."UserId", k."Id", k."LegacyFileUrl", k."MediaId", k."SellerId", k."Type", k."UploadedOnUtc", k."VerifiedAtUtc"
      FROM (
          SELECT s."Id", s."CommissionRate", s."CreatedOnUtc", s."Description", s."KybRejectionReason", s."KybStatus", s."LogoUrl", s.metadata, s.payout_account, s."Rating", s."SalesCount", s."ShopName", s."Status", s."SuspendedFromStatus", s."UserId"
          FROM sellers.sellers AS s
          WHERE s."Id" = @__id_0
          LIMIT 1
      ) AS t
      LEFT JOIN sellers.kyb_documents AS k ON t."Id" = k."SellerId"
      ORDER BY t."Id"
info: Microsoft.EntityFrameworkCore.Database.Command[20101]
      Executed DbCommand (0ms) [Parameters=[], CommandType='Text', CommandTimeout='30']
      SELECT DISTINCT s."UserId"
      FROM sellers.seller_members AS s
      WHERE s."SellerId" = 'ba7b1281-98bd-4710-893a-d9f6a255b494'
info: Microsoft.EntityFrameworkCore.Database.Command[20101]
      Executed DbCommand (0ms) [Parameters=[@p0='?', @p1='?' (DbType = Guid), @p2='?', @p3='?', @p4='?', @p5='?' (DbType = DateTime), @p6='?' (DbType = Int32), @p7='?' (DbType = Guid), @p8='?', @p9='?' (DbType = Guid), @p10='?' (DbType = Guid), @p11='?', @p12='?' (DbType = DateTime), @p13='?' (DbType = DateTime)], CommandType='Text', CommandTimeout='30']
      INSERT INTO sellers.audit_entries ("ActorType", "ActorUserId", "CorrelationId", "EntityId", "EntityType", "OccurredOnUtc", "Operation")
      VALUES (@p0, @p1, @p2, @p3, @p4, @p5, @p6)
      RETURNING "Id";
      INSERT INTO sellers.kyb_documents ("Id", "LegacyFileUrl", "MediaId", "SellerId", "Type", "UploadedOnUtc", "VerifiedAtUtc")
      VALUES (@p7, @p8, @p9, @p10, @p11, @p12, @p13);
info: HBA.Shared.Application.Behaviors.LoggingBehavior[0]
      AddKybDocumentCommand traité en 2 ms
info: Microsoft.AspNetCore.Http.Result.CreatedResult[1]
      Setting HTTP status code 201.
info: Microsoft.AspNetCore.Http.Result.CreatedResult[3]
      Writing value of type 'ApiEnvelope`1' as Json.
info: Microsoft.AspNetCore.Routing.EndpointMiddleware[1]
      Executed endpoint 'HTTP: POST /api/v1/merchants/{sellerId:guid}/kyb/documents =&gt; AddKybDocumentAsync'
info: Microsoft.AspNetCore.Hosting.Diagnostics[2]
      Request finished HTTP/1.1 POST http://localhost/api/v1/merchants/ba7b1281-98bd-4710-893a-d9f6a255b494/kyb/documents - 201 - application/json;+charset=utf-8 6.5972ms
info: HBA.Shared.Infrastructure.Kafka.KafkaIntegrationEventConsumer[0]
      Événement « user.anonymized » traité par 1 gestionnaire(s).
info: Microsoft.EntityFrameworkCore.Database.Command[20101]
      Executed DbCommand (1ms) [Parameters=[@__eventId_0='?' (DbType = Guid), @__consumerName_1='?'], CommandType='Text', CommandTimeout='30']
      SELECT EXISTS (
          SELECT 1
          FROM sellers.consumer_inbox AS c
          WHERE c."EventId" = @__eventId_0 AND c."ConsumerName" = @__consumerName_1)
info: Microsoft.EntityFrameworkCore.Database.Command[20101]
      Executed DbCommand (0ms) [Parameters=[@__eventId_0='?' (DbType = Guid), @__consumerName_1='?'], CommandType='Text', CommandTimeout='30']
      SELECT EXISTS (
          SELECT 1
          FROM sellers.consumer_inbox AS c
          WHERE c."EventId" = @__eventId_0 AND c."ConsumerName" = @__consumerName_1)
info: Microsoft.EntityFrameworkCore.Database.Command[20101]
      Executed DbCommand (1ms) [Parameters=[@__userId_0='?' (DbType = Guid)], CommandType='Text', CommandTimeout='30']
      SELECT t."Id", t."CommissionRate", t."CreatedOnUtc", t."Description", t."KybRejectionReason", t."KybStatus", t."LogoUrl", t.metadata, t.payout_account, t."Rating", t."SalesCount", t."ShopName", t."Status", t."SuspendedFromStatus", t."UserId", k."Id", k."LegacyFileUrl", k."MediaId", k."SellerId", k."Type", k."UploadedOnUtc", k."VerifiedAtUtc"
      FROM (
          SELECT s."Id", s."CommissionRate", s."CreatedOnUtc", s."Description", s."KybRejectionReason", s."KybStatus", s."LogoUrl", s.metadata, s.payout_account, s."Rating", s."SalesCount", s."ShopName", s."Status", s."SuspendedFromStatus", s."UserId"
          FROM sellers.sellers AS s
          WHERE s."UserId" = @__userId_0
          LIMIT 1
      ) AS t
      LEFT JOIN sellers.kyb_documents AS k ON t."Id" = k."SellerId"
      ORDER BY t."Id"
info: Microsoft.EntityFrameworkCore.Database.Command[20101]
      Executed DbCommand (0ms) [Parameters=[], CommandType='Text', CommandTimeout='30']
      SELECT DISTINCT s."UserId"
      FROM sellers.seller_members AS s
      WHERE s."SellerId" = 'ba7b1281-98bd-4710-893a-d9f6a255b494'
info: Microsoft.EntityFrameworkCore.Database.Command[20101]
      Executed DbCommand (1ms) [Parameters=[@p0='?', @p1='?' (DbType = Guid), @p2='?', @p3='?', @p4='?', @p5='?' (DbType = DateTime), @p6='?' (DbType = Int32), @p7='?', @p8='?' (DbType = Guid), @p9='?', @p10='?', @p11='?' (DbType = DateTime), @p12='?', @p13='?' (DbType = Guid), @p14='?', @p15='?', @p16='?' (DbType = DateTime), @p17='?' (DbType = Guid), @p18='?' (DbType = Object), @p19='?', @p20='?' (DbType = DateTime), @p21='?', @p22='?' (DbType = DateTime), @p23='?' (DbType = DateTime), @p24='?' (DbType = DateTime), @p25='?', @p26='?', @p27='?' (DbType = Guid), @p28='?' (DbType = Object), @p29='?', @p30='?' (DbType = DateTime), @p31='?', @p32='?' (DbType = DateTime), @p33='?' (DbType = DateTime), @p34='?' (DbType = DateTime), @p35='?', @p36='?', @p37='?' (DbType = Guid), @p38='?' (DbType = Object), @p39='?', @p40='?' (DbType = DateTime), @p41='?', @p42='?' (DbType = DateTime), @p43='?' (DbType = DateTime), @p44='?' (DbType = DateTime), @p45='?', @p46='?', @p47='?' (DbType = Guid), @p48='?' (DbType = Object), @p49='?', @p50='?' (DbType = DateTime), @p51='?', @p52='?' (DbType = DateTime), @p53='?' (DbType = DateTime), @p54='?' (DbType = DateTime), @p55='?', @p56='?', @p58='?' (DbType = Guid), @p57='?'], CommandType='Text', CommandTimeout='30']
      INSERT INTO sellers.audit_entries ("ActorType", "ActorUserId", "CorrelationId", "EntityId", "EntityType", "OccurredOnUtc", "Operation")
      VALUES (@p0, @p1, @p2, @p3, @p4, @p5, @p6)
      RETURNING "Id";
      INSERT INTO sellers.consumer_inbox ("ConsumerName", "EventId", "CorrelationId", "EventType", "ProcessedAtUtc")
      VALUES (@p7, @p8, @p9, @p10, @p11);
      INSERT INTO sellers.consumer_inbox ("ConsumerName", "EventId", "CorrelationId", "EventType", "ProcessedAtUtc")
      VALUES (@p12, @p13, @p14, @p15, @p16);
      INSERT INTO sellers.outbox_messages ("Id", "Content", "CorrelationId", "DeadLetteredOnUtc", "Error", "NextAttemptAtUtc", "OccurredOnUtc", "ProcessedOnUtc", "TraceParent", "Type")
      VALUES (@p17, @p18, @p19, @p20, @p21, @p22, @p23, @p24, @p25, @p26)
      RETURNING "AttemptCount";
      INSERT INTO sellers.outbox_messages ("Id", "Content", "CorrelationId", "DeadLetteredOnUtc", "Error", "NextAttemptAtUtc", "OccurredOnUtc", "ProcessedOnUtc", "TraceParent", "Type")
      VALUES (@p27, @p28, @p29, @p30, @p31, @p32, @p33, @p34, @p35, @p36)
      RETURNING "AttemptCount";
      INSERT INTO sellers.outbox_messages ("Id", "Content", "CorrelationId", "DeadLetteredOnUtc", "Error", "NextAttemptAtUtc", "OccurredOnUtc", "ProcessedOnUtc", "TraceParent", "Type")
      VALUES (@p37, @p38, @p39, @p40, @p41, @p42, @p43, @p44, @p45, @p46)
      RETURNING "AttemptCount";
      INSERT INTO sellers.outbox_messages ("Id", "Content", "CorrelationId", "DeadLetteredOnUtc", "Error", "NextAttemptAtUtc", "OccurredOnUtc", "ProcessedOnUtc", "TraceParent", "Type")
      VALUES (@p47, @p48, @p49, @p50, @p51, @p52, @p53, @p54, @p55, @p56)
      RETURNING "AttemptCount";
      UPDATE sellers.sellers SET "Status" = @p57
      WHERE "Id" = @p58;
info: HBA.Merchants.Infrastructure.Messaging.Kafka.Consumers.UserAnonymizedSellerPurgeHandler[0]
      Compte anonymisé : vendeur ba7b1281-98bd-4710-893a-d9f6a255b494 fermé, 2 pièce(s) KYB marquée(s) pour effacement.
info: Microsoft.EntityFrameworkCore.Database.Command[20101]
      Executed DbCommand (2ms) [Parameters=[@__nowUtc_0='?' (DbType = DateTime), @__p_1='?' (DbType = Int32)], CommandType='Text', CommandTimeout='30']
      SELECT o."Id", o."AttemptCount", o."Content", o."CorrelationId", o."DeadLetteredOnUtc", o."Error", o."NextAttemptAtUtc", o."OccurredOnUtc", o."ProcessedOnUtc", o."TraceParent", o."Type"
      FROM sellers.outbox_messages AS o
      WHERE o."ProcessedOnUtc" IS NULL AND o."DeadLetteredOnUtc" IS NULL AND (o."NextAttemptAtUtc" IS NULL OR o."NextAttemptAtUtc" &lt;= @__nowUtc_0)
      ORDER BY o."OccurredOnUtc"
      LIMIT @__p_1
info: Microsoft.EntityFrameworkCore.Database.Command[20101]
      Executed DbCommand (1ms) [Parameters=[@p1='?' (DbType = Guid), @p0='?' (DbType = DateTime), @p3='?' (DbType = Guid), @p2='?' (DbType = DateTime), @p5='?' (DbType = Guid), @p4='?' (DbType = DateTime), @p7='?' (DbType = Guid), @p6='?' (DbType = DateTime), @p9='?' (DbType = Guid), @p8='?' (DbType = DateTime), @p11='?' (DbType = Guid), @p10='?' (DbType = DateTime)], CommandType='Text', CommandTimeout='30']
      UPDATE sellers.outbox_messages SET "ProcessedOnUtc" = @p0
      WHERE "Id" = @p1;
      UPDATE sellers.outbox_messages SET "ProcessedOnUtc" = @p2
      WHERE "Id" = @p3;
      UPDATE sellers.outbox_messages SET "ProcessedOnUtc" = @p4
      WHERE "Id" = @p5;
      UPDATE sellers.outbox_messages SET "ProcessedOnUtc" = @p6
      WHERE "Id" = @p7;
      UPDATE sellers.outbox_messages SET "ProcessedOnUtc" = @p8
      WHERE "Id" = @p9;
      UPDATE sellers.outbox_messages SET "ProcessedOnUtc" = @p10
      WHERE "Id" = @p11;
info: Microsoft.EntityFrameworkCore.Database.Command[20101]
      Executed DbCommand (2ms) [Parameters=[@p0='?' (DbType = Int64)], CommandType='Text', CommandTimeout='30']
      SELECT pg_advisory_xact_lock(@p0);
info: Microsoft.EntityFrameworkCore.Database.Command[20101]
      Executed DbCommand (1ms) [Parameters=[@p0='?' (DbType = Int64)], CommandType='Text', CommandTimeout='30']
      SELECT pg_advisory_xact_lock(@p0);
info: Microsoft.EntityFrameworkCore.Database.Command[20101]
      Executed DbCommand (1ms) [Parameters=[@p0='?' (DbType = Int64)], CommandType='Text', CommandTimeout='30']
      SELECT pg_advisory_xact_lock(@p0);
info: Microsoft.EntityFrameworkCore.Database.Command[20101]
      Executed DbCommand (1ms) [Parameters=[@p0='?' (DbType = Int64)], CommandType='Text', CommandTimeout='30']
      SELECT pg_advisory_xact_lock(@p0);
info: Microsoft.EntityFrameworkCore.Database.Command[20101]
      Executed DbCommand (0ms) [Parameters=[@p0='?' (DbType = Int64)], CommandType='Text', CommandTimeout='30']
      SELECT pg_advisory_xact_lock(@p0);
info: Microsoft.EntityFrameworkCore.Database.Command[20101]
      Executed DbCommand (504ms) [Parameters=[@p0='?' (DbType = Int64)], CommandType='Text', CommandTimeout='30']
      SELECT pg_advisory_xact_lock(@p0);
[testcontainers.org 00:00:44.57] Delete Docker container 065a5164d5f0
[testcontainers.org 00:00:44.57] Delete Docker container 7b30b1d81fc9
[xUnit.net 00:00:44.94]   Finished:    HBA.Merchants.IntegrationTests
</StdOut>
    </Output>
  </ResultSummary>
</TestRun>